#
# There is insufficient memory for the Java Runtime Environment to continue.
# Native memory allocation (mmap) failed to map 65536 bytes for Failed to commit metaspace.
# Possible reasons:
#   The system is out of physical RAM or swap space
#   The process is running with CompressedOops enabled, and the Java Heap may be blocking the growth of the native heap
# Possible solutions:
#   Reduce memory load on the system
#   Increase physical memory or swap space
#   Check if swap backing store is full
#   Decrease Java heap size (-Xmx/-Xms)
#   Decrease number of Java threads
#   Decrease Java thread stack sizes (-Xss)
#   Set larger code cache with -XX:ReservedCodeCacheSize=
#   JVM is running with Unscaled Compressed Oops mode in which the Java heap is
#     placed in the first 4GB address space. The Java Heap base address is the
#     maximum limit for the native heap growth. Please use -XX:HeapBaseMinAddress
#     to set the Java Heap base and to place the Java Heap above 4GB virtual address.
# This output file may be truncated or incomplete.
#
#  Out of Memory Error (virtualSpaceNode.cpp:110), pid=23884, tid=19952
#
# JRE version: Java(TM) SE Runtime Environment (20.0.2+9) (build 20.0.2+9-78)
# Java VM: Java HotSpot(TM) 64-Bit Server VM (20.0.2+9-78, mixed mode, sharing, tiered, compressed oops, compressed class ptrs, g1 gc, windows-amd64)
# No core dump will be written. Minidumps are not enabled by default on client versions of Windows
#

---------------  S U M M A R Y ------------

Command Line: -Xmx64m -Xms64m -Dorg.gradle.appname=gradlew org.gradle.wrapper.GradleWrapperMain app:installDebug -PreactNativeDevServerPort=8081

Host: 11th Gen Intel(R) Core(TM) i5-1135G7 @ 2.40GHz, 8 cores, 7G,  Windows 10 , 64 bit Build 19041 (10.0.19041.4957)
Time: Fri May  2 23:56:49 2025 SE Asia Standard Time elapsed time: 42.309842 seconds (0d 0h 0m 42s)

---------------  T H R E A D  ---------------

Current thread (0x000002a86d87cb10):  JavaThread "Exec process" [_thread_in_vm, id=19952, stack(0x000000c508c00000,0x000000c508d00000)]

Stack: [0x000000c508c00000,0x000000c508d00000]
Native frames: (J=compiled Java code, j=interpreted, Vv=VM code, C=native code)
V  [jvm.dll+0x6bc25a]
V  [jvm.dll+0x84971a]
V  [jvm.dll+0x84b315]
V  [jvm.dll+0x84ba13]
V  [jvm.dll+0x280e4f]
V  [jvm.dll+0x84565b]
V  [jvm.dll+0x660616]
V  [jvm.dll+0x66067a]
V  [jvm.dll+0x662f53]
V  [jvm.dll+0x662e1e]
V  [jvm.dll+0x66102e]
V  [jvm.dll+0x26c9df]
V  [jvm.dll+0x66b665]
V  [jvm.dll+0x21b712]
V  [jvm.dll+0x21bc45]
V  [jvm.dll+0x21c631]
V  [jvm.dll+0x211a50]
V  [jvm.dll+0x59c7cc]
V  [jvm.dll+0x22303a]
V  [jvm.dll+0x7c38c4]
V  [jvm.dll+0x7c4a0f]
V  [jvm.dll+0x7c4fbf]
V  [jvm.dll+0x7c4c68]
V  [jvm.dll+0x2705bb]
V  [jvm.dll+0x2707df]
V  [jvm.dll+0x5be3f8]
V  [jvm.dll+0x5c1357]
V  [jvm.dll+0x3dc520]
V  [jvm.dll+0x3dbb5f]
C  0x000002a81da2f0f5

Java frames: (J=compiled Java code, j=interpreted, Vv=VM code)
j  java.lang.ProcessImpl.<init>([Ljava/lang/String;Ljava/lang/String;Ljava/lang/String;[JZZ)V+304 java.base@20.0.2
j  java.lang.ProcessImpl.start([Ljava/lang/String;Ljava/util/Map;Ljava/lang/String;[Ljava/lang/ProcessBuilder$Redirect;Z)Ljava/lang/Process;+407 java.base@20.0.2
j  java.lang.ProcessBuilder.start([Ljava/lang/ProcessBuilder$Redirect;)Ljava/lang/Process;+176 java.base@20.0.2
j  java.lang.ProcessBuilder.start()Ljava/lang/Process;+5 java.base@20.0.2
j  net.rubygrapefruit.platform.internal.DefaultProcessLauncher.start(Ljava/lang/ProcessBuilder;)Ljava/lang/Process;+1
j  net.rubygrapefruit.platform.internal.WindowsProcessLauncher.start(Ljava/lang/ProcessBuilder;)Ljava/lang/Process;+61
j  net.rubygrapefruit.platform.internal.WrapperProcessLauncher.start(Ljava/lang/ProcessBuilder;)Ljava/lang/Process;+12
j  org.gradle.process.internal.ExecHandleRunner.startProcess()V+43
j  org.gradle.process.internal.ExecHandleRunner.lambda$run$0()V+1
j  org.gradle.process.internal.ExecHandleRunner$$Lambda$100+0x000002a82954ae90.run()V+4
j  org.gradle.internal.operations.CurrentBuildOperationRef.with(Lorg/gradle/internal/operations/BuildOperationRef;Ljava/lang/Runnable;)V+11
j  org.gradle.process.internal.ExecHandleRunner.run()V+13
j  org.gradle.internal.concurrent.ExecutorPolicy$CatchAndRecordFailures.onExecute(Ljava/lang/Runnable;)V+1
j  org.gradle.internal.concurrent.AbstractManagedExecutor$1.run()V+25
j  java.util.concurrent.ThreadPoolExecutor.runWorker(Ljava/util/concurrent/ThreadPoolExecutor$Worker;)V+92 java.base@20.0.2
j  java.util.concurrent.ThreadPoolExecutor$Worker.run()V+5 java.base@20.0.2
j  java.lang.Thread.runWith(Ljava/lang/Object;Ljava/lang/Runnable;)V+5 java.base@20.0.2
j  java.lang.Thread.run()V+19 java.base@20.0.2
v  ~StubRoutines::call_stub 0x000002a81da010e7

---------------  P R O C E S S  ---------------

Threads class SMR info:
_java_thread_list=0x000002a86e2c9450, length=13, elements={
0x000002a80e3f9620, 0x000002a8282f7b70, 0x000002a80e4bcfe0, 0x000002a80e4be4e0,
0x000002a8282fbe90, 0x000002a8282fccd0, 0x000002a8282fd700, 0x000002a8282fe460,
0x000002a82835b1a0, 0x000002a86d576110, 0x000002a86d57aae0, 0x000002a86e1bdff0,
0x000002a86d87cb10
}

Java Threads: ( => current thread )
  0x000002a80e3f9620 JavaThread "main" [_thread_blocked, id=21768, stack(0x000000c507200000,0x000000c507300000)]
  0x000002a8282f7b70 JavaThread "Reference Handler" daemon [_thread_blocked, id=19420, stack(0x000000c507900000,0x000000c507a00000)]
  0x000002a80e4bcfe0 JavaThread "Finalizer" daemon [_thread_blocked, id=19424, stack(0x000000c507a00000,0x000000c507b00000)]
  0x000002a80e4be4e0 JavaThread "Signal Dispatcher" daemon [_thread_blocked, id=19428, stack(0x000000c507b00000,0x000000c507c00000)]
  0x000002a8282fbe90 JavaThread "Attach Listener" daemon [_thread_blocked, id=23640, stack(0x000000c507c00000,0x000000c507d00000)]
  0x000002a8282fccd0 JavaThread "Service Thread" daemon [_thread_blocked, id=19436, stack(0x000000c507d00000,0x000000c507e00000)]
  0x000002a8282fd700 JavaThread "Monitor Deflation Thread" daemon [_thread_blocked, id=19448, stack(0x000000c507e00000,0x000000c507f00000)]
  0x000002a8282fe460 JavaThread "C2 CompilerThread0" daemon [_thread_blocked, id=19452, stack(0x000000c507f00000,0x000000c508000000)]
  0x000002a82835b1a0 JavaThread "C1 CompilerThread0" daemon [_thread_blocked, id=18592, stack(0x000000c508000000,0x000000c508100000)]
  0x000002a86d576110 JavaThread "Notification Thread" daemon [_thread_blocked, id=18756, stack(0x000000c508100000,0x000000c508200000)]
  0x000002a86d57aae0 JavaThread "Common-Cleaner" daemon [_thread_blocked, id=17888, stack(0x000000c508300000,0x000000c508400000)]
  0x000002a86e1bdff0 JavaThread "pool-1-thread-1" [_thread_blocked, id=25064, stack(0x000000c508700000,0x000000c508800000)]
=>0x000002a86d87cb10 JavaThread "Exec process" [_thread_in_vm, id=19952, stack(0x000000c508c00000,0x000000c508d00000)]

Other Threads:
  0x000002a80e4a8bf0 VMThread "VM Thread" [stack: 0x000000c507800000,0x000000c507900000] [id=19380] _threads_hazard_ptr=0x000002a86e2c9450
  0x000002a86d578670 WatcherThread "VM Periodic Task Thread" [stack: 0x000000c508200000,0x000000c508300000] [id=5560]
  0x000002a80e41e160 WorkerThread "GC Thread#0" [stack: 0x000000c507300000,0x000000c507400000] [id=24572]
  0x000002a86d8fea30 WorkerThread "GC Thread#1" [stack: 0x000000c508400000,0x000000c508500000] [id=22428]
  0x000002a86d680760 WorkerThread "GC Thread#2" [stack: 0x000000c508500000,0x000000c508600000] [id=3256]
  0x000002a86d686510 WorkerThread "GC Thread#3" [stack: 0x000000c508600000,0x000000c508700000] [id=20572]
  0x000002a86dd91970 WorkerThread "GC Thread#4" [stack: 0x000000c508800000,0x000000c508900000] [id=24876]
  0x000002a86dd91100 WorkerThread "GC Thread#5" [stack: 0x000000c508900000,0x000000c508a00000] [id=25512]
  0x000002a86dd90020 WorkerThread "GC Thread#6" [stack: 0x000000c508a00000,0x000000c508b00000] [id=25580]
  0x000002a86dd916a0 WorkerThread "GC Thread#7" [stack: 0x000000c508b00000,0x000000c508c00000] [id=13852]
  0x000002a80e420880 ConcurrentGCThread "G1 Main Marker" [stack: 0x000000c507400000,0x000000c507500000] [id=18188]
  0x000002a80e4212b0 WorkerThread "G1 Conc#0" [stack: 0x000000c507500000,0x000000c507600000] [id=16096]
  0x000002a80e483250 ConcurrentGCThread "G1 Refine#0" [stack: 0x000000c507600000,0x000000c507700000] [id=11848]
  0x000002a80e485100 ConcurrentGCThread "G1 Service" [stack: 0x000000c507700000,0x000000c507800000] [id=12428]

Threads with active compile tasks:

VM state: synchronizing (normal execution)

VM Mutex/Monitor currently owned by a thread:  ([mutex/lock_event])
[0x000002a80e3f4bb0] Metaspace_lock - owner thread: 0x000002a86d87cb10
[0x000002a80e3f6af0] Threads_lock - owner thread: 0x000002a80e4a8bf0

Heap address: 0x00000000fc000000, size: 64 MB, Compressed Oops mode: 32-bit

CDS archive(s) mapped at: [0x000002a828400000-0x000002a829060000-0x000002a829060000), size 12976128, SharedBaseAddress: 0x000002a828400000, ArchiveRelocationMode: 1.
Compressed class space mapped at: 0x000002a829400000-0x000002a869400000, reserved size: 1073741824
Narrow klass base: 0x000002a828400000, Narrow klass shift: 0, Narrow klass range: 0x100000000

GC Precious Log:
 CardTable entry size: 512
 Card Set container configuration: InlinePtr #cards 5 size 8 Array Of Cards #cards 12 size 40 Howl #buckets 4 coarsen threshold 1843 Howl Bitmap #cards 512 size 80 coarsen threshold 460 Card regions per heap region 1 cards per card region 2048
 CPUs: 8 total, 8 available
 Memory: 7926M
 Large Page Support: Disabled
 NUMA Support: Disabled
 Compressed Oops: Enabled (32-bit)
 Heap Region Size: 1M
 Heap Min Capacity: 64M
 Heap Initial Capacity: 64M
 Heap Max Capacity: 64M
 Pre-touch: Disabled
 Parallel Workers: 8
 Concurrent Workers: 2
 Concurrent Refinement Workers: 8
 Periodic GC: Disabled

Heap:
 garbage-first heap   total 65536K, used 16754K [0x00000000fc000000, 0x0000000100000000)
  region size 1024K, 9 young (9216K), 5 survivors (5120K)
 Metaspace       used 9344K, committed 9600K, reserved 1114112K
  class space    used 1225K, committed 1344K, reserved 1048576K

Heap Regions: E=young(eden), S=young(survivor), O=old, HS=humongous(starts), HC=humongous(continues), CS=collection set, F=free, OA=open archive, CA=closed archive, TAMS=top-at-mark-start, PB=parsable bottom
|   0|0x00000000fc000000, 0x00000000fc100000, 0x00000000fc100000|100%| O|  |TAMS 0x00000000fc000000| PB 0x00000000fc000000| Untracked 
|   1|0x00000000fc100000, 0x00000000fc200000, 0x00000000fc200000|100%|HS|  |TAMS 0x00000000fc100000| PB 0x00000000fc100000| Complete 
|   2|0x00000000fc200000, 0x00000000fc300000, 0x00000000fc300000|100%|HC|  |TAMS 0x00000000fc200000| PB 0x00000000fc200000| Complete 
|   3|0x00000000fc300000, 0x00000000fc400000, 0x00000000fc400000|100%|HC|  |TAMS 0x00000000fc300000| PB 0x00000000fc300000| Complete 
|   4|0x00000000fc400000, 0x00000000fc500000, 0x00000000fc500000|100%|HC|  |TAMS 0x00000000fc400000| PB 0x00000000fc400000| Complete 
|   5|0x00000000fc500000, 0x00000000fc600000, 0x00000000fc600000|100%| O|  |TAMS 0x00000000fc500000| PB 0x00000000fc500000| Untracked 
|   6|0x00000000fc600000, 0x00000000fc700000, 0x00000000fc700000|100%| O|  |TAMS 0x00000000fc600000| PB 0x00000000fc600000| Untracked 
|   7|0x00000000fc700000, 0x00000000fc800000, 0x00000000fc800000|100%| O|  |TAMS 0x00000000fc700000| PB 0x00000000fc700000| Untracked 
|   8|0x00000000fc800000, 0x00000000fc85c800, 0x00000000fc900000| 36%| O|  |TAMS 0x00000000fc800000| PB 0x00000000fc800000| Untracked 
|   9|0x00000000fc900000, 0x00000000fc900000, 0x00000000fca00000|  0%| F|  |TAMS 0x00000000fc900000| PB 0x00000000fc900000| Untracked 
|  10|0x00000000fca00000, 0x00000000fca00000, 0x00000000fcb00000|  0%| F|  |TAMS 0x00000000fca00000| PB 0x00000000fca00000| Untracked 
|  11|0x00000000fcb00000, 0x00000000fcb00000, 0x00000000fcc00000|  0%| F|  |TAMS 0x00000000fcb00000| PB 0x00000000fcb00000| Untracked 
|  12|0x00000000fcc00000, 0x00000000fcc00000, 0x00000000fcd00000|  0%| F|  |TAMS 0x00000000fcc00000| PB 0x00000000fcc00000| Untracked 
|  13|0x00000000fcd00000, 0x00000000fcd00000, 0x00000000fce00000|  0%| F|  |TAMS 0x00000000fcd00000| PB 0x00000000fcd00000| Untracked 
|  14|0x00000000fce00000, 0x00000000fce00000, 0x00000000fcf00000|  0%| F|  |TAMS 0x00000000fce00000| PB 0x00000000fce00000| Untracked 
|  15|0x00000000fcf00000, 0x00000000fcf00000, 0x00000000fd000000|  0%| F|  |TAMS 0x00000000fcf00000| PB 0x00000000fcf00000| Untracked 
|  16|0x00000000fd000000, 0x00000000fd000000, 0x00000000fd100000|  0%| F|  |TAMS 0x00000000fd000000| PB 0x00000000fd000000| Untracked 
|  17|0x00000000fd100000, 0x00000000fd100000, 0x00000000fd200000|  0%| F|  |TAMS 0x00000000fd100000| PB 0x00000000fd100000| Untracked 
|  18|0x00000000fd200000, 0x00000000fd200000, 0x00000000fd300000|  0%| F|  |TAMS 0x00000000fd200000| PB 0x00000000fd200000| Untracked 
|  19|0x00000000fd300000, 0x00000000fd300000, 0x00000000fd400000|  0%| F|  |TAMS 0x00000000fd300000| PB 0x00000000fd300000| Untracked 
|  20|0x00000000fd400000, 0x00000000fd400000, 0x00000000fd500000|  0%| F|  |TAMS 0x00000000fd400000| PB 0x00000000fd400000| Untracked 
|  21|0x00000000fd500000, 0x00000000fd500000, 0x00000000fd600000|  0%| F|  |TAMS 0x00000000fd500000| PB 0x00000000fd500000| Untracked 
|  22|0x00000000fd600000, 0x00000000fd600000, 0x00000000fd700000|  0%| F|  |TAMS 0x00000000fd600000| PB 0x00000000fd600000| Untracked 
|  23|0x00000000fd700000, 0x00000000fd700000, 0x00000000fd800000|  0%| F|  |TAMS 0x00000000fd700000| PB 0x00000000fd700000| Untracked 
|  24|0x00000000fd800000, 0x00000000fd800000, 0x00000000fd900000|  0%| F|  |TAMS 0x00000000fd800000| PB 0x00000000fd800000| Untracked 
|  25|0x00000000fd900000, 0x00000000fda00000, 0x00000000fda00000|100%| S|CS|TAMS 0x00000000fd900000| PB 0x00000000fd900000| Complete 
|  26|0x00000000fda00000, 0x00000000fdb00000, 0x00000000fdb00000|100%| S|CS|TAMS 0x00000000fda00000| PB 0x00000000fda00000| Complete 
|  27|0x00000000fdb00000, 0x00000000fdc00000, 0x00000000fdc00000|100%| S|CS|TAMS 0x00000000fdb00000| PB 0x00000000fdb00000| Complete 
|  28|0x00000000fdc00000, 0x00000000fdd00000, 0x00000000fdd00000|100%| S|CS|TAMS 0x00000000fdc00000| PB 0x00000000fdc00000| Complete 
|  29|0x00000000fdd00000, 0x00000000fde00000, 0x00000000fde00000|100%| S|CS|TAMS 0x00000000fdd00000| PB 0x00000000fdd00000| Complete 
|  30|0x00000000fde00000, 0x00000000fde00000, 0x00000000fdf00000|  0%| F|  |TAMS 0x00000000fde00000| PB 0x00000000fde00000| Untracked 
|  31|0x00000000fdf00000, 0x00000000fdf00000, 0x00000000fe000000|  0%| F|  |TAMS 0x00000000fdf00000| PB 0x00000000fdf00000| Untracked 
|  32|0x00000000fe000000, 0x00000000fe000000, 0x00000000fe100000|  0%| F|  |TAMS 0x00000000fe000000| PB 0x00000000fe000000| Untracked 
|  33|0x00000000fe100000, 0x00000000fe100000, 0x00000000fe200000|  0%| F|  |TAMS 0x00000000fe100000| PB 0x00000000fe100000| Untracked 
|  34|0x00000000fe200000, 0x00000000fe200000, 0x00000000fe300000|  0%| F|  |TAMS 0x00000000fe200000| PB 0x00000000fe200000| Untracked 
|  35|0x00000000fe300000, 0x00000000fe300000, 0x00000000fe400000|  0%| F|  |TAMS 0x00000000fe300000| PB 0x00000000fe300000| Untracked 
|  36|0x00000000fe400000, 0x00000000fe400000, 0x00000000fe500000|  0%| F|  |TAMS 0x00000000fe400000| PB 0x00000000fe400000| Untracked 
|  37|0x00000000fe500000, 0x00000000fe500000, 0x00000000fe600000|  0%| F|  |TAMS 0x00000000fe500000| PB 0x00000000fe500000| Untracked 
|  38|0x00000000fe600000, 0x00000000fe600000, 0x00000000fe700000|  0%| F|  |TAMS 0x00000000fe600000| PB 0x00000000fe600000| Untracked 
|  39|0x00000000fe700000, 0x00000000fe700000, 0x00000000fe800000|  0%| F|  |TAMS 0x00000000fe700000| PB 0x00000000fe700000| Untracked 
|  40|0x00000000fe800000, 0x00000000fe800000, 0x00000000fe900000|  0%| F|  |TAMS 0x00000000fe800000| PB 0x00000000fe800000| Untracked 
|  41|0x00000000fe900000, 0x00000000fe900000, 0x00000000fea00000|  0%| F|  |TAMS 0x00000000fe900000| PB 0x00000000fe900000| Untracked 
|  42|0x00000000fea00000, 0x00000000fea00000, 0x00000000feb00000|  0%| F|  |TAMS 0x00000000fea00000| PB 0x00000000fea00000| Untracked 
|  43|0x00000000feb00000, 0x00000000feb00000, 0x00000000fec00000|  0%| F|  |TAMS 0x00000000feb00000| PB 0x00000000feb00000| Untracked 
|  44|0x00000000fec00000, 0x00000000fec00000, 0x00000000fed00000|  0%| F|  |TAMS 0x00000000fec00000| PB 0x00000000fec00000| Untracked 
|  45|0x00000000fed00000, 0x00000000fed00000, 0x00000000fee00000|  0%| F|  |TAMS 0x00000000fed00000| PB 0x00000000fed00000| Untracked 
|  46|0x00000000fee00000, 0x00000000fee00000, 0x00000000fef00000|  0%| F|  |TAMS 0x00000000fee00000| PB 0x00000000fee00000| Untracked 
|  47|0x00000000fef00000, 0x00000000fef00000, 0x00000000ff000000|  0%| F|  |TAMS 0x00000000fef00000| PB 0x00000000fef00000| Untracked 
|  48|0x00000000ff000000, 0x00000000ff000000, 0x00000000ff100000|  0%| F|  |TAMS 0x00000000ff000000| PB 0x00000000ff000000| Untracked 
|  49|0x00000000ff100000, 0x00000000ff100000, 0x00000000ff200000|  0%| F|  |TAMS 0x00000000ff100000| PB 0x00000000ff100000| Untracked 
|  50|0x00000000ff200000, 0x00000000ff200000, 0x00000000ff300000|  0%| F|  |TAMS 0x00000000ff200000| PB 0x00000000ff200000| Untracked 
|  51|0x00000000ff300000, 0x00000000ff300000, 0x00000000ff400000|  0%| F|  |TAMS 0x00000000ff300000| PB 0x00000000ff300000| Untracked 
|  52|0x00000000ff400000, 0x00000000ff400000, 0x00000000ff500000|  0%| F|  |TAMS 0x00000000ff400000| PB 0x00000000ff400000| Untracked 
|  53|0x00000000ff500000, 0x00000000ff500000, 0x00000000ff600000|  0%| F|  |TAMS 0x00000000ff500000| PB 0x00000000ff500000| Untracked 
|  54|0x00000000ff600000, 0x00000000ff600000, 0x00000000ff700000|  0%| F|  |TAMS 0x00000000ff600000| PB 0x00000000ff600000| Untracked 
|  55|0x00000000ff700000, 0x00000000ff700000, 0x00000000ff800000|  0%| F|  |TAMS 0x00000000ff700000| PB 0x00000000ff700000| Untracked 
|  56|0x00000000ff800000, 0x00000000ff800000, 0x00000000ff900000|  0%| F|  |TAMS 0x00000000ff800000| PB 0x00000000ff800000| Untracked 
|  57|0x00000000ff900000, 0x00000000ff900000, 0x00000000ffa00000|  0%| F|  |TAMS 0x00000000ff900000| PB 0x00000000ff900000| Untracked 
|  58|0x00000000ffa00000, 0x00000000ffa00000, 0x00000000ffb00000|  0%| F|  |TAMS 0x00000000ffa00000| PB 0x00000000ffa00000| Untracked 
|  59|0x00000000ffb00000, 0x00000000ffb00000, 0x00000000ffc00000|  0%| F|  |TAMS 0x00000000ffb00000| PB 0x00000000ffb00000| Untracked 
|  60|0x00000000ffc00000, 0x00000000ffca5a00, 0x00000000ffd00000| 64%| E|  |TAMS 0x00000000ffc00000| PB 0x00000000ffc00000| Complete 
|  61|0x00000000ffd00000, 0x00000000ffe00000, 0x00000000ffe00000|100%| E|CS|TAMS 0x00000000ffd00000| PB 0x00000000ffd00000| Complete 
|  62|0x00000000ffe00000, 0x00000000fff00000, 0x00000000fff00000|100%| E|CS|TAMS 0x00000000ffe00000| PB 0x00000000ffe00000| Complete 
|  63|0x00000000fff00000, 0x0000000100000000, 0x0000000100000000|100%| E|CS|TAMS 0x00000000fff00000| PB 0x00000000fff00000| Complete 

Card table byte_map: [0x000002a80e350000,0x000002a80e370000] _byte_map_base: 0x000002a80db70000

Marking Bits: (CMBitMap*) 0x000002a80e41e790
 Bits: [0x000002a825810000, 0x000002a825910000)

Polling page: 0x000002a80dbc0000

Metaspace:

Usage:
  Non-class:      7.93 MB used.
      Class:      1.20 MB used.
       Both:      9.13 MB used.

Virtual space:
  Non-class space:       64.00 MB reserved,       8.06 MB ( 13%) committed,  1 nodes.
      Class space:        1.00 GB reserved,       1.31 MB ( <1%) committed,  1 nodes.
             Both:        1.06 GB reserved,       9.38 MB ( <1%) committed. 

Chunk freelists:
   Non-Class:  3.53 MB
       Class:  2.70 MB
        Both:  6.23 MB

MaxMetaspaceSize: unlimited
CompressedClassSpaceSize: 1.00 GB
Initial GC threshold: 21.00 MB
Current GC threshold: 21.00 MB
CDS: on
MetaspaceReclaimPolicy: balanced
 - commit_granule_bytes: 65536.
 - commit_granule_words: 8192.
 - virtual_space_node_default_size: 8388608.
 - enlarge_chunks_in_place: 1.
 - new_chunks_are_fully_committed: 0.
 - uncommit_free_chunks: 1.
 - use_allocation_guard: 0.


Internal statistics:

num_allocs_failed_limit: 0.
num_arena_births: 244.
num_arena_deaths: 0.
num_vsnodes_births: 2.
num_vsnodes_deaths: 0.
num_space_committed: 150.
num_space_uncommitted: 0.
num_chunks_returned_to_freelist: 0.
num_chunks_taken_from_freelist: 511.
num_chunk_merges: 0.
num_chunk_splits: 337.
num_chunks_enlarged: 247.
num_inconsistent_stats: 0.

CodeHeap 'non-profiled nmethods': size=120000Kb used=703Kb max_used=703Kb free=119296Kb
 bounds [0x000002a81dfa0000, 0x000002a81e210000, 0x000002a8254d0000]
CodeHeap 'profiled nmethods': size=120000Kb used=3419Kb max_used=3419Kb free=116580Kb
 bounds [0x000002a8164d0000, 0x000002a816830000, 0x000002a81da00000]
CodeHeap 'non-nmethods': size=5760Kb used=1570Kb max_used=1584Kb free=4189Kb
 bounds [0x000002a81da00000, 0x000002a81dc70000, 0x000002a81dfa0000]
 total_blobs=2241 nmethods=1748 adapters=404
 compilation: enabled
              stopped_count=0, restarted_count=0
 full_count=0

Compilation events (20 events):
Event: 42.015 Thread 0x000002a82835b1a0 1736       3       java.lang.Class::forName (41 bytes)
Event: 42.015 Thread 0x000002a82835b1a0 nmethod 1736 0x000002a816823390 code [0x000002a816823540, 0x000002a816823738]
Event: 42.015 Thread 0x000002a82835b1a0 1737       3       java.lang.invoke.LambdaForm$MH/0x000002a829405800::invoke (25 bytes)
Event: 42.015 Thread 0x000002a82835b1a0 nmethod 1737 0x000002a816823810 code [0x000002a8168239c0, 0x000002a816823ed8]
Event: 42.073 Thread 0x000002a8282fe460 1738       4       jdk.internal.org.objectweb.asm.ClassReader::readUnsignedShort (26 bytes)
Event: 42.074 Thread 0x000002a82835b1a0 1739       3       java.lang.ProcessEnvironment$CheckedEntry::getKey (5 bytes)
Event: 42.074 Thread 0x000002a8282fe460 nmethod 1738 0x000002a81e04ee90 code [0x000002a81e04f000, 0x000002a81e04f0f0]
Event: 42.074 Thread 0x000002a82835b1a0 nmethod 1739 0x000002a816824010 code [0x000002a8168241c0, 0x000002a8168244f0]
Event: 42.074 Thread 0x000002a82835b1a0 1740       3       java.lang.ProcessEnvironment$CheckedEntry::getKey (13 bytes)
Event: 42.074 Thread 0x000002a82835b1a0 nmethod 1740 0x000002a816824610 code [0x000002a8168247a0, 0x000002a816824a60]
Event: 42.074 Thread 0x000002a82835b1a0 1741       3       java.lang.ProcessEnvironment$CheckedEntry::getValue (5 bytes)
Event: 42.074 Thread 0x000002a82835b1a0 nmethod 1741 0x000002a816824b10 code [0x000002a816824cc0, 0x000002a816824ff0]
Event: 42.074 Thread 0x000002a82835b1a0 1742       3       java.lang.ProcessEnvironment$CheckedEntry::getValue (13 bytes)
Event: 42.074 Thread 0x000002a82835b1a0 nmethod 1742 0x000002a816825110 code [0x000002a8168252a0, 0x000002a816825560]
Event: 42.074 Thread 0x000002a82835b1a0 1743       3       java.util.Collections$UnmodifiableMap$UnmodifiableEntrySet$1::hasNext (10 bytes)
Event: 42.075 Thread 0x000002a82835b1a0 nmethod 1743 0x000002a816825610 code [0x000002a8168257a0, 0x000002a816825970]
Event: 42.098 Thread 0x000002a82835b1a0 1744       3       java.lang.ProcessEnvironment$EntryComparator::compare (13 bytes)
Event: 42.098 Thread 0x000002a82835b1a0 nmethod 1744 0x000002a816825a10 code [0x000002a816825c00, 0x000002a816826340]
Event: 42.098 Thread 0x000002a82835b1a0 1745       3       java.lang.ProcessEnvironment$EntryComparator::compare (25 bytes)
Event: 42.098 Thread 0x000002a82835b1a0 nmethod 1745 0x000002a816826510 code [0x000002a8168266e0, 0x000002a816826ba8]

GC Heap History (4 events):
Event: 16.347 GC heap before
{Heap before GC invocations=0 (full 0):
 garbage-first heap   total 65536K, used 22528K [0x00000000fc000000, 0x0000000100000000)
  region size 1024K, 23 young (23552K), 0 survivors (0K)
 Metaspace       used 1787K, committed 1984K, reserved 1114112K
  class space    used 158K, committed 256K, reserved 1048576K
}
Event: 16.401 GC heap after
{Heap after GC invocations=1 (full 0):
 garbage-first heap   total 65536K, used 3776K [0x00000000fc000000, 0x0000000100000000)
  region size 1024K, 3 young (3072K), 3 survivors (3072K)
 Metaspace       used 1787K, committed 1984K, reserved 1114112K
  class space    used 158K, committed 256K, reserved 1048576K
}
Event: 38.296 GC heap before
{Heap before GC invocations=1 (full 0):
 garbage-first heap   total 65536K, used 39616K [0x00000000fc000000, 0x0000000100000000)
  region size 1024K, 34 young (34816K), 3 survivors (3072K)
 Metaspace       used 8956K, committed 9280K, reserved 1114112K
  class space    used 1181K, committed 1344K, reserved 1048576K
}
Event: 38.311 GC heap after
{Heap after GC invocations=2 (full 0):
 garbage-first heap   total 65536K, used 13682K [0x00000000fc000000, 0x0000000100000000)
  region size 1024K, 5 young (5120K), 5 survivors (5120K)
 Metaspace       used 8956K, committed 9280K, reserved 1114112K
  class space    used 1181K, committed 1344K, reserved 1048576K
}

Dll operation events (11 events):
Event: 0.319 Loaded shared library C:\Program Files\Java\jdk-20\bin\java.dll
Event: 1.129 Loaded shared library C:\Program Files\Java\jdk-20\bin\jsvml.dll
Event: 2.418 Loaded shared library C:\Program Files\Java\jdk-20\bin\net.dll
Event: 2.497 Loaded shared library C:\Program Files\Java\jdk-20\bin\nio.dll
Event: 2.503 Loaded shared library C:\Program Files\Java\jdk-20\bin\zip.dll
Event: 2.559 Loaded shared library C:\Program Files\Java\jdk-20\bin\verify.dll
Event: 8.639 Loaded shared library C:\Program Files\Java\jdk-20\bin\jimage.dll
Event: 22.804 Loaded shared library C:\Users\ADMIN\.gradle\native\c067742578af261105cb4f569cf0c3c89f3d7b1fecec35dd04571415982c5e48\windows-amd64\native-platform.dll
Event: 23.687 Loaded shared library C:\Program Files\Java\jdk-20\bin\management.dll
Event: 23.690 Loaded shared library C:\Program Files\Java\jdk-20\bin\management_ext.dll
Event: 30.959 Loaded shared library C:\Program Files\Java\jdk-20\bin\extnet.dll

Deoptimization events (20 events):
Event: 35.344 Thread 0x000002a80e3f9620 DEOPT PACKING pc=0x000002a81e015fa8 sp=0x000000c5072fd5a0
Event: 35.344 Thread 0x000002a80e3f9620 DEOPT UNPACKING pc=0x000002a81da1d2a2 sp=0x000000c5072fd508 mode 2
Event: 35.571 Thread 0x000002a80e3f9620 Uncommon trap: trap_request=0xffffff45 fr.pc=0x000002a81dfd2454 relative=0x0000000000001694
Event: 35.571 Thread 0x000002a80e3f9620 Uncommon trap: reason=unstable_if action=reinterpret pc=0x000002a81dfd2454 method=java.util.HashMap.putVal(ILjava/lang/Object;Ljava/lang/Object;ZZ)Ljava/lang/Object; @ 81 c2
Event: 35.571 Thread 0x000002a80e3f9620 DEOPT PACKING pc=0x000002a81dfd2454 sp=0x000000c5072fdc40
Event: 35.571 Thread 0x000002a80e3f9620 DEOPT UNPACKING pc=0x000002a81da1d2a2 sp=0x000000c5072fdb08 mode 2
Event: 37.729 Thread 0x000002a80e3f9620 DEOPT PACKING pc=0x000002a8165b563e sp=0x000000c5072fd8f0
Event: 37.729 Thread 0x000002a80e3f9620 DEOPT UNPACKING pc=0x000002a81da6e462 sp=0x000000c5072fcdd8 mode 0
Event: 38.073 Thread 0x000002a80e3f9620 DEOPT PACKING pc=0x000002a8165a8825 sp=0x000000c5072fdb30
Event: 38.073 Thread 0x000002a80e3f9620 DEOPT UNPACKING pc=0x000002a81da6e462 sp=0x000000c5072fcff8 mode 0
Event: 38.076 Thread 0x000002a80e3f9620 DEOPT PACKING pc=0x000002a8167f675a sp=0x000000c5072fd670
Event: 38.076 Thread 0x000002a80e3f9620 DEOPT UNPACKING pc=0x000002a81da6e462 sp=0x000000c5072fcb30 mode 0
Event: 38.293 Thread 0x000002a80e3f9620 DEOPT PACKING pc=0x000002a8167f675a sp=0x000000c5072fd670
Event: 38.293 Thread 0x000002a80e3f9620 DEOPT UNPACKING pc=0x000002a81da6e462 sp=0x000000c5072fcb30 mode 0
Event: 39.412 Thread 0x000002a80e3f9620 DEOPT PACKING pc=0x000002a8167f675a sp=0x000000c5072fd6a0
Event: 39.412 Thread 0x000002a80e3f9620 DEOPT UNPACKING pc=0x000002a81da6e462 sp=0x000000c5072fcb60 mode 0
Event: 42.244 Thread 0x000002a86d87cb10 Uncommon trap: trap_request=0xffffff45 fr.pc=0x000002a81e028264 relative=0x0000000000000504
Event: 42.244 Thread 0x000002a86d87cb10 Uncommon trap: reason=unstable_if action=reinterpret pc=0x000002a81e028264 method=jdk.internal.org.objectweb.asm.Frame.execute(IILjdk/internal/org/objectweb/asm/Symbol;Ljdk/internal/org/objectweb/asm/SymbolTable;)V @ 1 c2
Event: 42.244 Thread 0x000002a86d87cb10 DEOPT PACKING pc=0x000002a81e028264 sp=0x000000c508cfd540
Event: 42.244 Thread 0x000002a86d87cb10 DEOPT UNPACKING pc=0x000002a81da1d2a2 sp=0x000000c508cfd4c8 mode 2

Classes loaded (20 events):
Event: 35.349 Loading class sun/util/resources/TimeZoneNames done
Event: 35.349 Loading class sun/util/resources/TimeZoneNames_en
Event: 35.349 Loading class sun/util/resources/TimeZoneNames_en done
Event: 39.907 Loading class java/nio/charset/CharacterCodingException
Event: 39.907 Loading class java/nio/charset/CharacterCodingException done
Event: 40.561 Loading class java/util/ArrayList$SubList$1
Event: 40.561 Loading class java/util/ArrayList$SubList$1 done
Event: 41.357 Loading class java/util/concurrent/CountDownLatch
Event: 41.357 Loading class java/util/concurrent/CountDownLatch done
Event: 41.357 Loading class java/util/concurrent/CountDownLatch$Sync
Event: 41.357 Loading class java/util/concurrent/CountDownLatch$Sync done
Event: 42.043 Loading class java/lang/Thread$ThreadNumbering
Event: 42.043 Loading class java/lang/Thread$ThreadNumbering done
Event: 42.073 Loading class java/lang/ProcessBuilder
Event: 42.073 Loading class java/lang/ProcessBuilder done
Event: 42.085 Loading class java/lang/ProcessImpl
Event: 42.092 Loading class java/lang/ProcessImpl done
Event: 42.254 Loading class java/lang/ProcessHandleImpl
Event: 42.258 Loading class java/lang/ProcessHandle
Event: 42.264 Loading class java/lang/ProcessHandle done

Classes unloaded (0 events):
No events

Classes redefined (0 events):
No events

Internal exceptions (20 events):
Event: 23.574 Thread 0x000002a80e3f9620 Exception <a 'java/lang/NoSuchMethodError'{0x00000000ff1c71b0}: 'java.lang.Object java.lang.invoke.DirectMethodHandle$Holder.newInvokeSpecial(java.lang.Object, java.lang.Object, java.lang.Object, java.lang.Object, java.lang.Object)'> (0x00000000ff1c71b0) 
thrown [s\open\src\hotspot\share\interpreter\linkResolver.cpp, line 773]
Event: 23.584 Thread 0x000002a80e3f9620 Exception <a 'java/lang/NoSuchMethodError'{0x00000000ff016d78}: 'java.lang.Object java.lang.invoke.Invokers$Holder.invokeExact_MT(java.lang.Object, java.lang.Object, java.lang.Object, java.lang.Object, java.lang.Object)'> (0x00000000ff016d78) 
thrown [s\open\src\hotspot\share\interpreter\linkResolver.cpp, line 773]
Event: 23.589 Thread 0x000002a80e3f9620 Exception <a 'java/lang/NoSuchMethodError'{0x00000000ff04bd30}: 'java.lang.Object java.lang.invoke.DirectMethodHandle$Holder.invokeVirtual(java.lang.Object, java.lang.Object, java.lang.Object, java.lang.Object, java.lang.Object, java.lang.Object, java.lang.Object)'> (0x00000000ff04bd30) 
thrown [s\open\src\hotspot\share\interpreter\linkResolver.cpp, line 773]
Event: 23.599 Thread 0x000002a80e3f9620 Exception <a 'java/lang/NoSuchMethodError'{0x00000000ff08de20}: 'java.lang.Object java.lang.invoke.DirectMethodHandle$Holder.invokeVirtual(java.lang.Object, java.lang.Object, java.lang.Object, java.lang.Object)'> (0x00000000ff08de20) 
thrown [s\open\src\hotspot\share\interpreter\linkResolver.cpp, line 773]
Event: 23.619 Thread 0x000002a80e3f9620 Exception <a 'java/lang/NoSuchMethodError'{0x00000000fef52500}: 'java.lang.Object java.lang.invoke.DirectMethodHandle$Holder.invokeVirtual(java.lang.Object, java.lang.Object, java.lang.Object, java.lang.Object, java.lang.Object, java.lang.Object)'> (0x00000000fef52500) 
thrown [s\open\src\hotspot\share\interpreter\linkResolver.cpp, line 773]
Event: 23.657 Thread 0x000002a80e3f9620 Implicit null exception at 0x000002a81e0171a1 to 0x000002a81e0173c8
Event: 23.657 Thread 0x000002a80e3f9620 Implicit null exception at 0x000002a81dfe601d to 0x000002a81dfe6099
Event: 23.716 Thread 0x000002a80e3f9620 Exception <a 'java/lang/NoSuchMethodError'{0x00000000feca01d0}: 'int java.lang.invoke.DirectMethodHandle$Holder.invokeVirtual(java.lang.Object, java.lang.Object, java.lang.Object)'> (0x00000000feca01d0) 
thrown [s\open\src\hotspot\share\interpreter\linkResolver.cpp, line 773]
Event: 23.765 Thread 0x000002a80e3f9620 Exception <a 'java/lang/NoSuchMethodError'{0x00000000fea253c8}: 'java.lang.Object java.lang.invoke.DirectMethodHandle$Holder.invokeVirtual(java.lang.Object, java.lang.Object, java.lang.Object, java.lang.Object, java.lang.Object)'> (0x00000000fea253c8) 
thrown [s\open\src\hotspot\share\interpreter\linkResolver.cpp, line 773]
Event: 23.767 Thread 0x000002a80e3f9620 Exception <a 'java/lang/NoSuchMethodError'{0x00000000fea37fb8}: 'java.lang.Object java.lang.invoke.Invokers$Holder.invokeExact_MT(java.lang.Object, java.lang.Object, java.lang.Object, java.lang.Object, java.lang.Object, java.lang.Object)'> (0x00000000fea37fb8) 
thrown [s\open\src\hotspot\share\interpreter\linkResolver.cpp, line 773]
Event: 23.784 Thread 0x000002a80e3f9620 Exception <a 'java/lang/NoSuchMethodError'{0x00000000feae5990}: 'java.lang.Object java.lang.invoke.DirectMethodHandle$Holder.invokeSpecialIFC(java.lang.Object, java.lang.Object, java.lang.Object, java.lang.Object)'> (0x00000000feae5990) 
thrown [s\open\src\hotspot\share\interpreter\linkResolver.cpp, line 773]
Event: 23.786 Thread 0x000002a80e3f9620 Exception <a 'java/lang/NoSuchMethodError'{0x00000000feaef1c8}: 'java.lang.Object java.lang.invoke.DirectMethodHandle$Holder.invokeVirtual(java.lang.Object, java.lang.Object, java.lang.Object, java.lang.Object, java.lang.Object, java.lang.Object, java.lang.Object, java.lang.Object)'> (0x00000000feaef1c8) 
thrown [s\open\src\hotspot\share\interpreter\linkResolver.cpp, line 773]
Event: 24.930 Thread 0x000002a80e3f9620 Exception <a 'java/lang/NoSuchMethodError'{0x00000000fe4c7d30}: 'java.lang.Object java.lang.invoke.DirectMethodHandle$Holder.invokeStaticInit(java.lang.Object, int, int, int, int)'> (0x00000000fe4c7d30) 
thrown [s\open\src\hotspot\share\interpreter\linkResolver.cpp, line 773]
Event: 28.301 Thread 0x000002a80e3f9620 Exception <a 'java/lang/NoSuchMethodError'{0x00000000fe386ff8}: 'java.lang.Object java.lang.invoke.DirectMethodHandle$Holder.invokeStaticInit(java.lang.Object, java.lang.Object, int, int, int, int)'> (0x00000000fe386ff8) 
thrown [s\open\src\hotspot\share\interpreter\linkResolver.cpp, line 773]
Event: 31.112 Thread 0x000002a80e3f9620 Exception <a 'java/lang/NoSuchMethodError'{0x00000000fe3b03d8}: 'void java.lang.invoke.DirectMethodHandle$Holder.invokeStatic(java.lang.Object, java.lang.Object, java.lang.Object)'> (0x00000000fe3b03d8) 
thrown [s\open\src\hotspot\share\interpreter\linkResolver.cpp, line 773]
Event: 31.478 Thread 0x000002a80e3f9620 Implicit null exception at 0x000002a81dfee4e0 to 0x000002a81dfeea30
Event: 31.481 Thread 0x000002a80e3f9620 Implicit null exception at 0x000002a81dfe63e0 to 0x000002a81dfe692c
Event: 35.365 Thread 0x000002a80e3f9620 Exception <a 'java/lang/NoSuchMethodError'{0x00000000fe0d9fe8}: 'void java.lang.invoke.DirectMethodHandle$Holder.invokeInterface(java.lang.Object, java.lang.Object, java.lang.Object)'> (0x00000000fe0d9fe8) 
thrown [s\open\src\hotspot\share\interpreter\linkResolver.cpp, line 773]
Event: 42.243 Thread 0x000002a86d87cb10 Exception <a 'java/lang/NoSuchMethodError'{0x00000000ffc92580}: 'void java.lang.invoke.DirectMethodHandle$Holder.invokeStatic(java.lang.Object, long)'> (0x00000000ffc92580) 
thrown [s\open\src\hotspot\share\interpreter\linkResolver.cpp, line 773]
Event: 42.253 Thread 0x000002a86d87cb10 Exception <a 'java/lang/NoSuchMethodError'{0x00000000ffc97c88}: 'java.lang.Object java.lang.invoke.DirectMethodHandle$Holder.newInvokeSpecial(java.lang.Object, long)'> (0x00000000ffc97c88) 
thrown [s\open\src\hotspot\share\interpreter\linkResolver.cpp, line 773]

VM Operations (20 events):
Event: 29.294 Executing VM operation: Cleanup
Event: 29.294 Executing VM operation: Cleanup done
Event: 30.302 Executing VM operation: Cleanup
Event: 30.302 Executing VM operation: Cleanup done
Event: 31.317 Executing VM operation: Cleanup
Event: 31.333 Executing VM operation: Cleanup done
Event: 32.341 Executing VM operation: Cleanup
Event: 32.405 Executing VM operation: Cleanup done
Event: 32.427 Executing VM operation: HandshakeAllThreads
Event: 32.427 Executing VM operation: HandshakeAllThreads done
Event: 33.435 Executing VM operation: Cleanup
Event: 33.435 Executing VM operation: Cleanup done
Event: 35.454 Executing VM operation: Cleanup
Event: 35.562 Executing VM operation: Cleanup done
Event: 38.296 Executing VM operation: G1CollectForAllocation
Event: 38.314 Executing VM operation: G1CollectForAllocation done
Event: 39.320 Executing VM operation: Cleanup
Event: 39.320 Executing VM operation: Cleanup done
Event: 40.331 Executing VM operation: Cleanup
Event: 40.331 Executing VM operation: Cleanup done

Events (13 events):
Event: 1.129 Thread 0x000002a80e3f9620 Thread added: 0x000002a80e3f9620
Event: 1.588 Thread 0x000002a8282f7b70 Thread added: 0x000002a8282f7b70
Event: 1.588 Thread 0x000002a80e4bcfe0 Thread added: 0x000002a80e4bcfe0
Event: 1.589 Thread 0x000002a80e4be4e0 Thread added: 0x000002a80e4be4e0
Event: 1.589 Thread 0x000002a8282fbe90 Thread added: 0x000002a8282fbe90
Event: 1.589 Thread 0x000002a8282fccd0 Thread added: 0x000002a8282fccd0
Event: 1.589 Thread 0x000002a8282fd700 Thread added: 0x000002a8282fd700
Event: 1.589 Thread 0x000002a8282fe460 Thread added: 0x000002a8282fe460
Event: 1.597 Thread 0x000002a82835b1a0 Thread added: 0x000002a82835b1a0
Event: 1.716 Thread 0x000002a86d576110 Thread added: 0x000002a86d576110
Event: 1.734 Thread 0x000002a86d57aae0 Thread added: 0x000002a86d57aae0
Event: 23.523 Thread 0x000002a86e1bdff0 Thread added: 0x000002a86e1bdff0
Event: 42.069 Thread 0x000002a86d87cb10 Thread added: 0x000002a86d87cb10


Dynamic libraries:
0x00007ff6c48e0000 - 0x00007ff6c48f0000 	C:\Program Files\Java\jdk-20\bin\java.exe
0x00007fff53e30000 - 0x00007fff54028000 	C:\Windows\SYSTEM32\ntdll.dll
0x00007fff51e50000 - 0x00007fff51f12000 	C:\Windows\System32\KERNEL32.DLL
0x00007fff518a0000 - 0x00007fff51b9e000 	C:\Windows\System32\KERNELBASE.dll
0x00007fff51720000 - 0x00007fff51820000 	C:\Windows\System32\ucrtbase.dll
0x00007fff40140000 - 0x00007fff40159000 	C:\Program Files\Java\jdk-20\bin\jli.dll
0x00007fff52620000 - 0x00007fff526d2000 	C:\Windows\System32\ADVAPI32.dll
0x00007fff52200000 - 0x00007fff5229e000 	C:\Windows\System32\msvcrt.dll
0x00007fff53a60000 - 0x00007fff53b00000 	C:\Windows\System32\sechost.dll
0x00007fff53880000 - 0x00007fff539a3000 	C:\Windows\System32\RPCRT4.dll
0x00007fff51870000 - 0x00007fff51897000 	C:\Windows\System32\bcrypt.dll
0x00007fff526e0000 - 0x00007fff5287d000 	C:\Windows\System32\USER32.dll
0x00007fff51ba0000 - 0x00007fff51bc2000 	C:\Windows\System32\win32u.dll
0x00007fff53380000 - 0x00007fff533ab000 	C:\Windows\System32\GDI32.dll
0x00007fff51600000 - 0x00007fff51717000 	C:\Windows\System32\gdi32full.dll
0x00007fff514d0000 - 0x00007fff5156d000 	C:\Windows\System32\msvcp_win.dll
0x00007fff439b0000 - 0x00007fff439cb000 	C:\Program Files\Java\jdk-20\bin\VCRUNTIME140.dll
0x00007fff3a7f0000 - 0x00007fff3aa8a000 	C:\Windows\WinSxS\amd64_microsoft.windows.common-controls_6595b64144ccf1df_6.0.19041.4355_none_60b8b9eb71f62e16\COMCTL32.dll
0x00007fff49d80000 - 0x00007fff49d8a000 	C:\Windows\SYSTEM32\VERSION.dll
0x00007fff522a0000 - 0x00007fff522cf000 	C:\Windows\System32\IMM32.DLL
0x00007fff4bca0000 - 0x00007fff4bcac000 	C:\Program Files\Java\jdk-20\bin\vcruntime140_1.dll
0x00007fff11460000 - 0x00007fff114ee000 	C:\Program Files\Java\jdk-20\bin\msvcp140.dll
0x00007ffee7560000 - 0x00007ffee81f8000 	C:\Program Files\Java\jdk-20\bin\server\jvm.dll
0x00007fff4bc90000 - 0x00007fff4bc99000 	C:\Windows\SYSTEM32\WSOCK32.dll
0x00007fff53cc0000 - 0x00007fff53d2b000 	C:\Windows\System32\WS2_32.dll
0x00007fff41c60000 - 0x00007fff41c87000 	C:\Windows\SYSTEM32\WINMM.dll
0x00007fff4fcb0000 - 0x00007fff4fcc2000 	C:\Windows\SYSTEM32\kernel.appcore.dll
0x00007fff4b650000 - 0x00007fff4b65a000 	C:\Program Files\Java\jdk-20\bin\jimage.dll
0x00007fff4f1f0000 - 0x00007fff4f3d4000 	C:\Windows\SYSTEM32\DBGHELP.DLL
0x00007fff33fd0000 - 0x00007fff34004000 	C:\Windows\SYSTEM32\dbgcore.DLL
0x00007fff51570000 - 0x00007fff515f2000 	C:\Windows\System32\bcryptPrimitives.dll
0x00007fff40110000 - 0x00007fff40136000 	C:\Program Files\Java\jdk-20\bin\java.dll
0x00007fff11380000 - 0x00007fff11457000 	C:\Program Files\Java\jdk-20\bin\jsvml.dll
0x00007fff52c00000 - 0x00007fff5336f000 	C:\Windows\System32\SHELL32.dll
0x00007fff4f4f0000 - 0x00007fff4fc94000 	C:\Windows\SYSTEM32\windows.storage.dll
0x00007fff528a0000 - 0x00007fff52bf3000 	C:\Windows\System32\combase.dll
0x00007fff50e20000 - 0x00007fff50e4e000 	C:\Windows\SYSTEM32\Wldp.dll
0x00007fff522d0000 - 0x00007fff5239d000 	C:\Windows\System32\OLEAUT32.dll
0x00007fff53d30000 - 0x00007fff53ddd000 	C:\Windows\System32\SHCORE.dll
0x00007fff533b0000 - 0x00007fff53405000 	C:\Windows\System32\shlwapi.dll
0x00007fff51400000 - 0x00007fff51424000 	C:\Windows\SYSTEM32\profapi.dll
0x00007fff3b350000 - 0x00007fff3b363000 	C:\Program Files\Java\jdk-20\bin\net.dll
0x00007fff4b9a0000 - 0x00007fff4baad000 	C:\Windows\SYSTEM32\WINHTTP.dll
0x00007fff50c00000 - 0x00007fff50c6a000 	C:\Windows\system32\mswsock.dll
0x00007fff14e30000 - 0x00007fff14e46000 	C:\Program Files\Java\jdk-20\bin\nio.dll
0x00007fff14e10000 - 0x00007fff14e28000 	C:\Program Files\Java\jdk-20\bin\zip.dll
0x00007fff371e0000 - 0x00007fff371f0000 	C:\Program Files\Java\jdk-20\bin\verify.dll
0x00007ffee8560000 - 0x00007ffee8587000 	C:\Users\ADMIN\.gradle\native\c067742578af261105cb4f569cf0c3c89f3d7b1fecec35dd04571415982c5e48\windows-amd64\native-platform.dll
0x00007fff40100000 - 0x00007fff4010a000 	C:\Program Files\Java\jdk-20\bin\management.dll
0x00007fff3b340000 - 0x00007fff3b34b000 	C:\Program Files\Java\jdk-20\bin\management_ext.dll
0x00007fff52610000 - 0x00007fff52618000 	C:\Windows\System32\PSAPI.DLL
0x00007fff50e60000 - 0x00007fff50e78000 	C:\Windows\SYSTEM32\CRYPTSP.dll
0x00007fff504d0000 - 0x00007fff50504000 	C:\Windows\system32\rsaenh.dll
0x00007fff51380000 - 0x00007fff513ae000 	C:\Windows\SYSTEM32\USERENV.dll
0x00007fff50d90000 - 0x00007fff50d9c000 	C:\Windows\SYSTEM32\CRYPTBASE.dll
0x00007fff508b0000 - 0x00007fff508eb000 	C:\Windows\SYSTEM32\IPHLPAPI.DLL
0x00007fff53de0000 - 0x00007fff53de8000 	C:\Windows\System32\NSI.dll
0x00007fff4a850000 - 0x00007fff4a867000 	C:\Windows\SYSTEM32\dhcpcsvc6.DLL
0x00007fff4a830000 - 0x00007fff4a84d000 	C:\Windows\SYSTEM32\dhcpcsvc.DLL
0x00007fff508f0000 - 0x00007fff509ba000 	C:\Windows\SYSTEM32\DNSAPI.dll
0x00007fff377d0000 - 0x00007fff377d7000 	C:\Program Files\Java\jdk-20\bin\extnet.dll

dbghelp: loaded successfully - version: 4.0.5 - missing functions: none
symbol engine: initialized successfully - sym options: 0x614 - pdb path: .;C:\Program Files\Java\jdk-20\bin;C:\Windows\SYSTEM32;C:\Windows\WinSxS\amd64_microsoft.windows.common-controls_6595b64144ccf1df_6.0.19041.4355_none_60b8b9eb71f62e16;C:\Program Files\Java\jdk-20\bin\server;C:\Users\ADMIN\.gradle\native\c067742578af261105cb4f569cf0c3c89f3d7b1fecec35dd04571415982c5e48\windows-amd64

VM Arguments:
jvm_args: -Xmx64m -Xms64m -Dorg.gradle.appname=gradlew 
java_command: org.gradle.wrapper.GradleWrapperMain app:installDebug -PreactNativeDevServerPort=8081
java_class_path (initial): D:\Pharmacy_Android\android\\gradle\wrapper\gradle-wrapper.jar
Launcher Type: SUN_STANDARD

[Global flags]
     intx CICompilerCount                          = 4                                         {product} {ergonomic}
     uint ConcGCThreads                            = 2                                         {product} {ergonomic}
     uint G1ConcRefinementThreads                  = 8                                         {product} {ergonomic}
   size_t G1HeapRegionSize                         = 1048576                                   {product} {ergonomic}
    uintx GCDrainStackTargetSize                   = 64                                        {product} {ergonomic}
   size_t InitialHeapSize                          = 67108864                                  {product} {command line}
   size_t MarkStackSize                            = 4194304                                   {product} {ergonomic}
   size_t MaxHeapSize                              = 67108864                                  {product} {command line}
   size_t MaxNewSize                               = 39845888                                  {product} {ergonomic}
   size_t MinHeapDeltaBytes                        = 1048576                                   {product} {ergonomic}
   size_t MinHeapSize                              = 67108864                                  {product} {command line}
    uintx NonNMethodCodeHeapSize                   = 5839372                                {pd product} {ergonomic}
    uintx NonProfiledCodeHeapSize                  = 122909434                              {pd product} {ergonomic}
    uintx ProfiledCodeHeapSize                     = 122909434                              {pd product} {ergonomic}
    uintx ReservedCodeCacheSize                    = 251658240                              {pd product} {ergonomic}
     bool SegmentedCodeCache                       = true                                      {product} {ergonomic}
   size_t SoftMaxHeapSize                          = 67108864                               {manageable} {ergonomic}
     bool UseCompressedClassPointers               = true                           {product lp64_product} {ergonomic}
     bool UseCompressedOops                        = true                           {product lp64_product} {ergonomic}
     bool UseG1GC                                  = true                                      {product} {ergonomic}
     bool UseLargePagesIndividualAllocation        = false                                  {pd product} {ergonomic}

Logging:
Log output configuration:
 #0: stdout all=warning uptime,level,tags foldmultilines=false
 #1: stderr all=off uptime,level,tags foldmultilines=false

Environment Variables:
JAVA_HOME=C:\Program Files\Java\jdk-20
CLASSPATH=D:\Pharmacy_Android\android\\gradle\wrapper\gradle-wrapper.jar
PATH=D:\Pharmacy_Android\node_modules\.bin;D:\Pharmacy_Android\node_modules\.bin;D:\node_modules\.bin;C:\Program Files\nodejs\node_modules\npm\node_modules\@npmcli\run-script\lib\node-gyp-bin;D:\Pharmacy_Android\node_modules\.bin;D:\node_modules\.bin;C:\Program Files\nodejs\node_modules\npm\node_modules\@npmcli\run-script\lib\node-gyp-bin;C:\Users\ADMIN\AppData\Local\Flutter\bin\;c:\Users\ADMIN\AppData\Local\Programs\cursor\resources\app\bin;C:\Program Files\Common Files\Oracle\Java\javapath;C:\Windows\system32;C:\Windows;C:\Windows\System32\Wbem;C:\Windows\System32\WindowsPowerShell\v1.0\;C:\Windows\System32\OpenSSH\;C:\Program Files\dotnet\;C:\Program Files\Java\jdk-20\bin;C:\Program Files\apache-maven-3.9.6\bin;C:\Program Files\Git\cmd;C:\Program Files\TortoiseGit\bin;C:\Program Files\nodejs\;C:\Program Files (x86)\Microsoft SQL Server\160\DTS\Binn\;C:\Program Files (x86)\Microsoft SQL Server\160\Tools\Binn\;C:\Program Files\Microsoft SQL Server\160\Tools\Binn\;C:\Program Files\Microsoft SQL Server\Client SDK\ODBC\170\Tools\Binn\;C:\Program Files\Microsoft SQL Server\160\DTS\Binn\;C:\Program Files\Microsoft SQL Server\150\Tools\Binn\;C:\Users\ADMIN\AppData\Local\Programs\Python\Python312\Scripts\;C:\Users\ADMIN\AppData\Local\Programs\Python\Python312\;C:\Anaconda;C:\Anaconda\Library\mingw-w64\bin;C:\Anaconda\Library\usr\bin;C:\Anaconda\Library\bin;C:\Anaconda\Scripts;C:\Program Fil;C:\Program Files\Docker\Docker\resources\bin;C:\Users\ADMIN\AppData\Local\Programs\oh-my-posh\bin\;C:\Users\ADMIN\AppData\Local\Programs\Python\Python312\Scripts\;C:\Users\ADMIN\AppData\Local\Programs\Python\Python312\;C:\Anaconda;C:\Anaconda\Library\mingw-w64\bin;C:\Anaconda\Library\usr\bin;C:\Anaconda\Library\bin;C:\Anaconda\Scripts;C:\Program Files\MySQL\MySQL Shell 8.0\bin\;C:\Users\ADMIN\AppData\Local\Microsoft\WindowsApps;C:\Program Files\JetBrains\IntelliJ IDEA 2024.1.1\bin;;C:\Tool\Microsoft VS Code\bin;C:\Users\ADMIN\AppData\Roaming\npm;C:\Program Files\JetBrains\PyCharm Community Edition 2024.2\bin;;C:\Users\ADMIN\.dotnet\tools;C:\Users\ADMIN\AppData\Local\Programs\cursor\resources\app\bin;C:\Users\ADMIN\AppData\Local\Flutter\bin;
USERNAME=ADMIN
LANG=en_US.UTF-8
OS=Windows_NT
PROCESSOR_IDENTIFIER=Intel64 Family 6 Model 140 Stepping 1, GenuineIntel
TMP=C:\Users\ADMIN\AppData\Local\Temp
TEMP=C:\Users\ADMIN\AppData\Local\Temp




---------------  S Y S T E M  ---------------

OS:
 Windows 10 , 64 bit Build 19041 (10.0.19041.4957)
OS uptime: 0 days 7:15 hours
Hyper-V role detected

CPU: total 8 (initial active 8) (4 cores per cpu, 2 threads per core) family 6 model 140 stepping 1 microcode 0xb8, cx8, cmov, fxsr, ht, mmx, 3dnowpref, sse, sse2, sse3, ssse3, sse4.1, sse4.2, popcnt, lzcnt, tsc, tscinvbit, avx, avx2, aes, erms, clmul, bmi1, bmi2, adx, avx512f, avx512dq, avx512cd, avx512bw, avx512vl, sha, fma, vzeroupper, avx512_vpopcntdq, avx512_vpclmulqdq, avx512_vaes, avx512_vnni, clflush, clflushopt, clwb, avx512_vbmi2, avx512_vbmi, hv, rdtscp, rdpid, fsrm, gfni, avx512_bitalg, f16c, cet_ibt, cet_ss, avx512_ifma

Memory: 4k page, system-wide physical 7926M (19M free)
TotalPageFile size 32053M (AvailPageFile size 18M)
current process WorkingSet (physical memory assigned to process): 72M, peak: 77M
current process commit charge ("private bytes"): 167M, peak: 169M

vm_info: Java HotSpot(TM) 64-Bit Server VM (20.0.2+9-78) for windows-amd64 JRE (20.0.2+9-78), built on 2023-06-14T10:08:48Z by "mach5one" with MS VC++ 17.1 (VS2022)

END.
