#
# There is insufficient memory for the Java Runtime Environment to continue.
# Native memory allocation (malloc) failed to allocate 32744 bytes for Chunk::new
# Possible reasons:
#   The system is out of physical RAM or swap space
#   The process is running with CompressedOops enabled, and the Java Heap may be blocking the growth of the native heap
# Possible solutions:
#   Reduce memory load on the system
#   Increase physical memory or swap space
#   Check if swap backing store is full
#   Decrease Java heap size (-Xmx/-Xms)
#   Decrease number of Java threads
#   Decrease Java thread stack sizes (-Xss)
#   Set larger code cache with -XX:ReservedCodeCacheSize=
#   JVM is running with Unscaled Compressed Oops mode in which the Java heap is
#     placed in the first 4GB address space. The Java Heap base address is the
#     maximum limit for the native heap growth. Please use -XX:HeapBaseMinAddress
#     to set the Java Heap base and to place the Java Heap above 4GB virtual address.
# This output file may be truncated or incomplete.
#
#  Out of Memory Error (arena.cpp:184), pid=9932, tid=23368
#
# JRE version: Java(TM) SE Runtime Environment (20.0.2+9) (build 20.0.2+9-78)
# Java VM: Java HotSpot(TM) 64-Bit Server VM (20.0.2+9-78, mixed mode, sharing, tiered, compressed oops, compressed class ptrs, g1 gc, windows-amd64)
# No core dump will be written. Minidumps are not enabled by default on client versions of Windows
#

---------------  S U M M A R Y ------------

Command Line: -Xmx64m -Xms64m -Dorg.gradle.appname=gradlew org.gradle.wrapper.GradleWrapperMain app:installDebug -PreactNativeDevServerPort=8081

Host: 11th Gen Intel(R) Core(TM) i5-1135G7 @ 2.40GHz, 8 cores, 7G,  Windows 10 , 64 bit Build 19041 (10.0.19041.4957)
Time: Fri May  2 23:56:49 2025 SE Asia Standard Time elapsed time: 4.074104 seconds (0d 0h 0m 4s)

---------------  T H R E A D  ---------------

Current thread (0x000002b100531470):  JavaThread "C1 CompilerThread0" daemon [_thread_in_native, id=23368, stack(0x000000d4a0b00000,0x000000d4a0c00000)]


Current CompileTask:
C1:   4074  203       3       java.util.regex.Pattern::escape (1327 bytes)

Stack: [0x000000d4a0b00000,0x000000d4a0c00000]
Native frames: (J=compiled Java code, j=interpreted, Vv=VM code, C=native code)
V  [jvm.dll+0x6bc25a]
V  [jvm.dll+0x84971a]
V  [jvm.dll+0x84b315]
V  [jvm.dll+0x84ba13]
V  [jvm.dll+0x280e4f]
V  [jvm.dll+0xc2ab1]
V  [jvm.dll+0xc2dd5]
V  [jvm.dll+0x231858]
V  [jvm.dll+0xd015c]
V  [jvm.dll+0xf6127]
V  [jvm.dll+0x17c542]
V  [jvm.dll+0x174fb7]
V  [jvm.dll+0x174deb]
V  [jvm.dll+0x1587d9]
V  [jvm.dll+0x15834e]
V  [jvm.dll+0x158514]
V  [jvm.dll+0x157956]
V  [jvm.dll+0x15968d]
V  [jvm.dll+0x25a0eb]
V  [jvm.dll+0x2587c0]
V  [jvm.dll+0x3f2dd5]
V  [jvm.dll+0x7f5c76]
V  [jvm.dll+0x6baecb]
C  [ucrtbase.dll+0x21bb2]
C  [KERNEL32.DLL+0x17374]
C  [ntdll.dll+0x4cc91]


---------------  P R O C E S S  ---------------

Threads class SMR info:
_java_thread_list=0x000002b1005dff80, length=11, elements={
0x000002b0a35298c0, 0x000002b0a35ee720, 0x000002b100525510, 0x000002b100526400,
0x000002b100529f50, 0x000002b10052a980, 0x000002b10052b3b0, 0x000002b10052c110,
0x000002b100531470, 0x000002b1005fd130, 0x000002b10480e0e0
}

Java Threads: ( => current thread )
  0x000002b0a35298c0 JavaThread "main" [_thread_in_Java, id=22236, stack(0x000000d49fd00000,0x000000d49fe00000)]
  0x000002b0a35ee720 JavaThread "Reference Handler" daemon [_thread_blocked, id=23428, stack(0x000000d4a0400000,0x000000d4a0500000)]
  0x000002b100525510 JavaThread "Finalizer" daemon [_thread_blocked, id=23896, stack(0x000000d4a0500000,0x000000d4a0600000)]
  0x000002b100526400 JavaThread "Signal Dispatcher" daemon [_thread_blocked, id=23932, stack(0x000000d4a0600000,0x000000d4a0700000)]
  0x000002b100529f50 JavaThread "Attach Listener" daemon [_thread_blocked, id=23936, stack(0x000000d4a0700000,0x000000d4a0800000)]
  0x000002b10052a980 JavaThread "Service Thread" daemon [_thread_blocked, id=15556, stack(0x000000d4a0800000,0x000000d4a0900000)]
  0x000002b10052b3b0 JavaThread "Monitor Deflation Thread" daemon [_thread_blocked, id=14164, stack(0x000000d4a0900000,0x000000d4a0a00000)]
  0x000002b10052c110 JavaThread "C2 CompilerThread0" daemon [_thread_blocked, id=22816, stack(0x000000d4a0a00000,0x000000d4a0b00000)]
=>0x000002b100531470 JavaThread "C1 CompilerThread0" daemon [_thread_in_native, id=23368, stack(0x000000d4a0b00000,0x000000d4a0c00000)]
  0x000002b1005fd130 JavaThread "Notification Thread" daemon [_thread_blocked, id=24652, stack(0x000000d4a0c00000,0x000000d4a0d00000)]
  0x000002b10480e0e0 JavaThread "Common-Cleaner" daemon [_thread_blocked, id=24444, stack(0x000000d4a0e00000,0x000000d4a0f00000)]

Other Threads:
  0x000002b0a35d7e80 VMThread "VM Thread" [stack: 0x000000d4a0300000,0x000000d4a0400000] [id=23320]
  0x000002b1005fd680 WatcherThread "VM Periodic Task Thread" [stack: 0x000000d4a0d00000,0x000000d4a0e00000] [id=25396]
  0x000002b0a354e400 WorkerThread "GC Thread#0" [stack: 0x000000d49fe00000,0x000000d49ff00000] [id=24804]
  0x000002b0a3550b20 ConcurrentGCThread "G1 Main Marker" [stack: 0x000000d49ff00000,0x000000d4a0000000] [id=24880]
  0x000002b0a3551550 WorkerThread "G1 Conc#0" [stack: 0x000000d4a0000000,0x000000d4a0100000] [id=12476]
  0x000002b0a35b3f30 ConcurrentGCThread "G1 Refine#0" [stack: 0x000000d4a0100000,0x000000d4a0200000] [id=25428]
  0x000002b0a35b49d0 ConcurrentGCThread "G1 Service" [stack: 0x000000d4a0200000,0x000000d4a0300000] [id=25388]

Threads with active compile tasks:
C1 CompilerThread0     4250  203       3       java.util.regex.Pattern::escape (1327 bytes)

VM state: not at safepoint (normal execution)

VM Mutex/Monitor currently owned by a thread: None

Heap address: 0x00000000fc000000, size: 64 MB, Compressed Oops mode: 32-bit

CDS archive(s) mapped at: [0x000002b0bf400000-0x000002b0c0060000-0x000002b0c0060000), size 12976128, SharedBaseAddress: 0x000002b0bf400000, ArchiveRelocationMode: 1.
Compressed class space mapped at: 0x000002b0c0400000-0x000002b100400000, reserved size: 1073741824
Narrow klass base: 0x000002b0bf400000, Narrow klass shift: 0, Narrow klass range: 0x100000000

GC Precious Log:
 CardTable entry size: 512
 Card Set container configuration: InlinePtr #cards 5 size 8 Array Of Cards #cards 12 size 40 Howl #buckets 4 coarsen threshold 1843 Howl Bitmap #cards 512 size 80 coarsen threshold 460 Card regions per heap region 1 cards per card region 2048
 CPUs: 8 total, 8 available
 Memory: 7926M
 Large Page Support: Disabled
 NUMA Support: Disabled
 Compressed Oops: Enabled (32-bit)
 Heap Region Size: 1M
 Heap Min Capacity: 64M
 Heap Initial Capacity: 64M
 Heap Max Capacity: 64M
 Pre-touch: Disabled
 Parallel Workers: 8
 Concurrent Workers: 2
 Concurrent Refinement Workers: 8
 Periodic GC: Disabled

Heap:
 garbage-first heap   total 65536K, used 3072K [0x00000000fc000000, 0x0000000100000000)
  region size 1024K, 4 young (4096K), 0 survivors (0K)
 Metaspace       used 1305K, committed 1472K, reserved 1114112K
  class space    used 128K, committed 192K, reserved 1048576K

Heap Regions: E=young(eden), S=young(survivor), O=old, HS=humongous(starts), HC=humongous(continues), CS=collection set, F=free, OA=open archive, CA=closed archive, TAMS=top-at-mark-start, PB=parsable bottom
|   0|0x00000000fc000000, 0x00000000fc000000, 0x00000000fc100000|  0%| F|  |TAMS 0x00000000fc000000| PB 0x00000000fc000000| Untracked 
|   1|0x00000000fc100000, 0x00000000fc100000, 0x00000000fc200000|  0%| F|  |TAMS 0x00000000fc100000| PB 0x00000000fc100000| Untracked 
|   2|0x00000000fc200000, 0x00000000fc200000, 0x00000000fc300000|  0%| F|  |TAMS 0x00000000fc200000| PB 0x00000000fc200000| Untracked 
|   3|0x00000000fc300000, 0x00000000fc300000, 0x00000000fc400000|  0%| F|  |TAMS 0x00000000fc300000| PB 0x00000000fc300000| Untracked 
|   4|0x00000000fc400000, 0x00000000fc400000, 0x00000000fc500000|  0%| F|  |TAMS 0x00000000fc400000| PB 0x00000000fc400000| Untracked 
|   5|0x00000000fc500000, 0x00000000fc500000, 0x00000000fc600000|  0%| F|  |TAMS 0x00000000fc500000| PB 0x00000000fc500000| Untracked 
|   6|0x00000000fc600000, 0x00000000fc600000, 0x00000000fc700000|  0%| F|  |TAMS 0x00000000fc600000| PB 0x00000000fc600000| Untracked 
|   7|0x00000000fc700000, 0x00000000fc700000, 0x00000000fc800000|  0%| F|  |TAMS 0x00000000fc700000| PB 0x00000000fc700000| Untracked 
|   8|0x00000000fc800000, 0x00000000fc800000, 0x00000000fc900000|  0%| F|  |TAMS 0x00000000fc800000| PB 0x00000000fc800000| Untracked 
|   9|0x00000000fc900000, 0x00000000fc900000, 0x00000000fca00000|  0%| F|  |TAMS 0x00000000fc900000| PB 0x00000000fc900000| Untracked 
|  10|0x00000000fca00000, 0x00000000fca00000, 0x00000000fcb00000|  0%| F|  |TAMS 0x00000000fca00000| PB 0x00000000fca00000| Untracked 
|  11|0x00000000fcb00000, 0x00000000fcb00000, 0x00000000fcc00000|  0%| F|  |TAMS 0x00000000fcb00000| PB 0x00000000fcb00000| Untracked 
|  12|0x00000000fcc00000, 0x00000000fcc00000, 0x00000000fcd00000|  0%| F|  |TAMS 0x00000000fcc00000| PB 0x00000000fcc00000| Untracked 
|  13|0x00000000fcd00000, 0x00000000fcd00000, 0x00000000fce00000|  0%| F|  |TAMS 0x00000000fcd00000| PB 0x00000000fcd00000| Untracked 
|  14|0x00000000fce00000, 0x00000000fce00000, 0x00000000fcf00000|  0%| F|  |TAMS 0x00000000fce00000| PB 0x00000000fce00000| Untracked 
|  15|0x00000000fcf00000, 0x00000000fcf00000, 0x00000000fd000000|  0%| F|  |TAMS 0x00000000fcf00000| PB 0x00000000fcf00000| Untracked 
|  16|0x00000000fd000000, 0x00000000fd000000, 0x00000000fd100000|  0%| F|  |TAMS 0x00000000fd000000| PB 0x00000000fd000000| Untracked 
|  17|0x00000000fd100000, 0x00000000fd100000, 0x00000000fd200000|  0%| F|  |TAMS 0x00000000fd100000| PB 0x00000000fd100000| Untracked 
|  18|0x00000000fd200000, 0x00000000fd200000, 0x00000000fd300000|  0%| F|  |TAMS 0x00000000fd200000| PB 0x00000000fd200000| Untracked 
|  19|0x00000000fd300000, 0x00000000fd300000, 0x00000000fd400000|  0%| F|  |TAMS 0x00000000fd300000| PB 0x00000000fd300000| Untracked 
|  20|0x00000000fd400000, 0x00000000fd400000, 0x00000000fd500000|  0%| F|  |TAMS 0x00000000fd400000| PB 0x00000000fd400000| Untracked 
|  21|0x00000000fd500000, 0x00000000fd500000, 0x00000000fd600000|  0%| F|  |TAMS 0x00000000fd500000| PB 0x00000000fd500000| Untracked 
|  22|0x00000000fd600000, 0x00000000fd600000, 0x00000000fd700000|  0%| F|  |TAMS 0x00000000fd600000| PB 0x00000000fd600000| Untracked 
|  23|0x00000000fd700000, 0x00000000fd700000, 0x00000000fd800000|  0%| F|  |TAMS 0x00000000fd700000| PB 0x00000000fd700000| Untracked 
|  24|0x00000000fd800000, 0x00000000fd800000, 0x00000000fd900000|  0%| F|  |TAMS 0x00000000fd800000| PB 0x00000000fd800000| Untracked 
|  25|0x00000000fd900000, 0x00000000fd900000, 0x00000000fda00000|  0%| F|  |TAMS 0x00000000fd900000| PB 0x00000000fd900000| Untracked 
|  26|0x00000000fda00000, 0x00000000fda00000, 0x00000000fdb00000|  0%| F|  |TAMS 0x00000000fda00000| PB 0x00000000fda00000| Untracked 
|  27|0x00000000fdb00000, 0x00000000fdb00000, 0x00000000fdc00000|  0%| F|  |TAMS 0x00000000fdb00000| PB 0x00000000fdb00000| Untracked 
|  28|0x00000000fdc00000, 0x00000000fdc00000, 0x00000000fdd00000|  0%| F|  |TAMS 0x00000000fdc00000| PB 0x00000000fdc00000| Untracked 
|  29|0x00000000fdd00000, 0x00000000fdd00000, 0x00000000fde00000|  0%| F|  |TAMS 0x00000000fdd00000| PB 0x00000000fdd00000| Untracked 
|  30|0x00000000fde00000, 0x00000000fde00000, 0x00000000fdf00000|  0%| F|  |TAMS 0x00000000fde00000| PB 0x00000000fde00000| Untracked 
|  31|0x00000000fdf00000, 0x00000000fdf00000, 0x00000000fe000000|  0%| F|  |TAMS 0x00000000fdf00000| PB 0x00000000fdf00000| Untracked 
|  32|0x00000000fe000000, 0x00000000fe000000, 0x00000000fe100000|  0%| F|  |TAMS 0x00000000fe000000| PB 0x00000000fe000000| Untracked 
|  33|0x00000000fe100000, 0x00000000fe100000, 0x00000000fe200000|  0%| F|  |TAMS 0x00000000fe100000| PB 0x00000000fe100000| Untracked 
|  34|0x00000000fe200000, 0x00000000fe200000, 0x00000000fe300000|  0%| F|  |TAMS 0x00000000fe200000| PB 0x00000000fe200000| Untracked 
|  35|0x00000000fe300000, 0x00000000fe300000, 0x00000000fe400000|  0%| F|  |TAMS 0x00000000fe300000| PB 0x00000000fe300000| Untracked 
|  36|0x00000000fe400000, 0x00000000fe400000, 0x00000000fe500000|  0%| F|  |TAMS 0x00000000fe400000| PB 0x00000000fe400000| Untracked 
|  37|0x00000000fe500000, 0x00000000fe500000, 0x00000000fe600000|  0%| F|  |TAMS 0x00000000fe500000| PB 0x00000000fe500000| Untracked 
|  38|0x00000000fe600000, 0x00000000fe600000, 0x00000000fe700000|  0%| F|  |TAMS 0x00000000fe600000| PB 0x00000000fe600000| Untracked 
|  39|0x00000000fe700000, 0x00000000fe700000, 0x00000000fe800000|  0%| F|  |TAMS 0x00000000fe700000| PB 0x00000000fe700000| Untracked 
|  40|0x00000000fe800000, 0x00000000fe800000, 0x00000000fe900000|  0%| F|  |TAMS 0x00000000fe800000| PB 0x00000000fe800000| Untracked 
|  41|0x00000000fe900000, 0x00000000fe900000, 0x00000000fea00000|  0%| F|  |TAMS 0x00000000fe900000| PB 0x00000000fe900000| Untracked 
|  42|0x00000000fea00000, 0x00000000fea00000, 0x00000000feb00000|  0%| F|  |TAMS 0x00000000fea00000| PB 0x00000000fea00000| Untracked 
|  43|0x00000000feb00000, 0x00000000feb00000, 0x00000000fec00000|  0%| F|  |TAMS 0x00000000feb00000| PB 0x00000000feb00000| Untracked 
|  44|0x00000000fec00000, 0x00000000fec00000, 0x00000000fed00000|  0%| F|  |TAMS 0x00000000fec00000| PB 0x00000000fec00000| Untracked 
|  45|0x00000000fed00000, 0x00000000fed00000, 0x00000000fee00000|  0%| F|  |TAMS 0x00000000fed00000| PB 0x00000000fed00000| Untracked 
|  46|0x00000000fee00000, 0x00000000fee00000, 0x00000000fef00000|  0%| F|  |TAMS 0x00000000fee00000| PB 0x00000000fee00000| Untracked 
|  47|0x00000000fef00000, 0x00000000fef00000, 0x00000000ff000000|  0%| F|  |TAMS 0x00000000fef00000| PB 0x00000000fef00000| Untracked 
|  48|0x00000000ff000000, 0x00000000ff000000, 0x00000000ff100000|  0%| F|  |TAMS 0x00000000ff000000| PB 0x00000000ff000000| Untracked 
|  49|0x00000000ff100000, 0x00000000ff100000, 0x00000000ff200000|  0%| F|  |TAMS 0x00000000ff100000| PB 0x00000000ff100000| Untracked 
|  50|0x00000000ff200000, 0x00000000ff200000, 0x00000000ff300000|  0%| F|  |TAMS 0x00000000ff200000| PB 0x00000000ff200000| Untracked 
|  51|0x00000000ff300000, 0x00000000ff300000, 0x00000000ff400000|  0%| F|  |TAMS 0x00000000ff300000| PB 0x00000000ff300000| Untracked 
|  52|0x00000000ff400000, 0x00000000ff400000, 0x00000000ff500000|  0%| F|  |TAMS 0x00000000ff400000| PB 0x00000000ff400000| Untracked 
|  53|0x00000000ff500000, 0x00000000ff500000, 0x00000000ff600000|  0%| F|  |TAMS 0x00000000ff500000| PB 0x00000000ff500000| Untracked 
|  54|0x00000000ff600000, 0x00000000ff600000, 0x00000000ff700000|  0%| F|  |TAMS 0x00000000ff600000| PB 0x00000000ff600000| Untracked 
|  55|0x00000000ff700000, 0x00000000ff700000, 0x00000000ff800000|  0%| F|  |TAMS 0x00000000ff700000| PB 0x00000000ff700000| Untracked 
|  56|0x00000000ff800000, 0x00000000ff800000, 0x00000000ff900000|  0%| F|  |TAMS 0x00000000ff800000| PB 0x00000000ff800000| Untracked 
|  57|0x00000000ff900000, 0x00000000ff900000, 0x00000000ffa00000|  0%| F|  |TAMS 0x00000000ff900000| PB 0x00000000ff900000| Untracked 
|  58|0x00000000ffa00000, 0x00000000ffa00000, 0x00000000ffb00000|  0%| F|  |TAMS 0x00000000ffa00000| PB 0x00000000ffa00000| Untracked 
|  59|0x00000000ffb00000, 0x00000000ffb00000, 0x00000000ffc00000|  0%| F|  |TAMS 0x00000000ffb00000| PB 0x00000000ffb00000| Untracked 
|  60|0x00000000ffc00000, 0x00000000ffc7d838, 0x00000000ffd00000| 49%| E|  |TAMS 0x00000000ffc00000| PB 0x00000000ffc00000| Complete 
|  61|0x00000000ffd00000, 0x00000000ffe00000, 0x00000000ffe00000|100%| E|CS|TAMS 0x00000000ffd00000| PB 0x00000000ffd00000| Complete 
|  62|0x00000000ffe00000, 0x00000000fff00000, 0x00000000fff00000|100%| E|CS|TAMS 0x00000000ffe00000| PB 0x00000000ffe00000| Complete 
|  63|0x00000000fff00000, 0x0000000100000000, 0x0000000100000000|100%| E|CS|TAMS 0x00000000fff00000| PB 0x00000000fff00000| Complete 

Card table byte_map: [0x000002b0bc860000,0x000002b0bc880000] _byte_map_base: 0x000002b0bc080000

Marking Bits: (CMBitMap*) 0x000002b0a354ea30
 Bits: [0x000002b0bc8a0000, 0x000002b0bc9a0000)

Polling page: 0x000002b0a35f0000

Metaspace:

Usage:
  Non-class:      1.15 MB used.
      Class:    128.50 KB used.
       Both:      1.27 MB used.

Virtual space:
  Non-class space:       64.00 MB reserved,       1.25 MB (  2%) committed,  1 nodes.
      Class space:        1.00 GB reserved,     192.00 KB ( <1%) committed,  1 nodes.
             Both:        1.06 GB reserved,       1.44 MB ( <1%) committed. 

Chunk freelists:
   Non-Class:  3.86 MB
       Class:  3.71 MB
        Both:  7.57 MB

MaxMetaspaceSize: unlimited
CompressedClassSpaceSize: 1.00 GB
Initial GC threshold: 21.00 MB
Current GC threshold: 21.00 MB
CDS: on
MetaspaceReclaimPolicy: balanced
 - commit_granule_bytes: 65536.
 - commit_granule_words: 8192.
 - virtual_space_node_default_size: 8388608.
 - enlarge_chunks_in_place: 1.
 - new_chunks_are_fully_committed: 0.
 - uncommit_free_chunks: 1.
 - use_allocation_guard: 0.


Internal statistics:

num_allocs_failed_limit: 0.
num_arena_births: 20.
num_arena_deaths: 0.
num_vsnodes_births: 2.
num_vsnodes_deaths: 0.
num_space_committed: 23.
num_space_uncommitted: 0.
num_chunks_returned_to_freelist: 0.
num_chunks_taken_from_freelist: 36.
num_chunk_merges: 0.
num_chunk_splits: 19.
num_chunks_enlarged: 15.
num_inconsistent_stats: 0.

CodeHeap 'non-profiled nmethods': size=120000Kb used=61Kb max_used=61Kb free=119938Kb
 bounds [0x000002b0b48a0000, 0x000002b0b4b10000, 0x000002b0bbdd0000]
CodeHeap 'profiled nmethods': size=120000Kb used=280Kb max_used=280Kb free=119719Kb
 bounds [0x000002b0acdd0000, 0x000002b0ad040000, 0x000002b0b4300000]
CodeHeap 'non-nmethods': size=5760Kb used=1459Kb max_used=1472Kb free=4300Kb
 bounds [0x000002b0b4300000, 0x000002b0b4570000, 0x000002b0b48a0000]
 total_blobs=628 nmethods=212 adapters=327
 compilation: enabled
              stopped_count=0, restarted_count=0
 full_count=0

Compilation events (20 events):
Event: 4.000 Thread 0x000002b100531470  197       3       java.util.regex.Matcher::match (154 bytes)
Event: 4.000 Thread 0x000002b10052c110 nmethod 200 0x000002b0b48acd90 code [0x000002b0b48acf00, 0x000002b0b48acf80]
Event: 4.001 Thread 0x000002b100531470 nmethod 197 0x000002b0ace10c90 code [0x000002b0ace10e60, 0x000002b0ace113f8]
Event: 4.001 Thread 0x000002b100531470  198       3       java.util.regex.Pattern::compile (537 bytes)
Event: 4.004 Thread 0x000002b10052c110  201       4       java.lang.String::codePointAt (50 bytes)
Event: 4.005 Thread 0x000002b100531470 nmethod 198 0x000002b0ace11610 code [0x000002b0ace11ac0, 0x000002b0ace148c0]
Event: 4.005 Thread 0x000002b100531470  199       3       java.util.regex.Pattern::nextEscaped (19 bytes)
Event: 4.005 Thread 0x000002b100531470 nmethod 199 0x000002b0ace15390 code [0x000002b0ace15520, 0x000002b0ace15660]
Event: 4.005 Thread 0x000002b100531470  194       3       java.util.regex.Pattern::unread (11 bytes)
Event: 4.005 Thread 0x000002b100531470 nmethod 194 0x000002b0ace15710 code [0x000002b0ace158a0, 0x000002b0ace159b8]
Event: 4.005 Thread 0x000002b100531470  196       3       java.util.ArrayList$Itr::hasNext (20 bytes)
Event: 4.005 Thread 0x000002b100531470 nmethod 196 0x000002b0ace15a90 code [0x000002b0ace15c20, 0x000002b0ace15d98]
Event: 4.005 Thread 0x000002b100531470  188       3       java.util.AbstractList::<init> (10 bytes)
Event: 4.006 Thread 0x000002b100531470 nmethod 188 0x000002b0ace15e90 code [0x000002b0ace16020, 0x000002b0ace161f0]
Event: 4.006 Thread 0x000002b10052c110 nmethod 201 0x000002b0b48ad090 code [0x000002b0b48ad200, 0x000002b0b48ad300]
Event: 4.006 Thread 0x000002b10052c110  202       4       java.util.regex.Pattern::next (33 bytes)
Event: 4.006 Thread 0x000002b100531470  203       3       java.util.regex.Pattern::escape (1327 bytes)
Event: 4.007 Thread 0x000002b10052c110 nmethod 202 0x000002b0b48ad410 code [0x000002b0b48ad580, 0x000002b0b48ad670]
Event: 4.007 Thread 0x000002b10052c110  206       4       java.util.regex.Pattern::append (43 bytes)
Event: 4.008 Thread 0x000002b10052c110 nmethod 206 0x000002b0b48ad790 code [0x000002b0b48ad900, 0x000002b0b48ad9e8]

GC Heap History (0 events):
No events

Dll operation events (6 events):
Event: 0.150 Loaded shared library C:\Program Files\Java\jdk-20\bin\java.dll
Event: 0.502 Loaded shared library C:\Program Files\Java\jdk-20\bin\jsvml.dll
Event: 1.952 Loaded shared library C:\Program Files\Java\jdk-20\bin\net.dll
Event: 1.987 Loaded shared library C:\Program Files\Java\jdk-20\bin\nio.dll
Event: 2.015 Loaded shared library C:\Program Files\Java\jdk-20\bin\zip.dll
Event: 2.645 Loaded shared library C:\Program Files\Java\jdk-20\bin\verify.dll

Deoptimization events (0 events):
No events

Classes loaded (20 events):
Event: 3.862 Loading class sun/nio/ch/FileDispatcherImpl
Event: 3.869 Loading class sun/nio/ch/FileDispatcher
Event: 3.869 Loading class sun/nio/ch/NativeDispatcher
Event: 3.875 Loading class sun/nio/ch/NativeDispatcher done
Event: 3.875 Loading class sun/nio/ch/FileDispatcher done
Event: 3.875 Loading class sun/nio/ch/FileDispatcherImpl done
Event: 3.875 Loading class sun/nio/ch/IOUtil
Event: 3.891 Loading class sun/nio/ch/IOUtil done
Event: 3.914 Loading class sun/nio/ch/NativeThreadSet
Event: 3.923 Loading class sun/nio/ch/NativeThreadSet done
Event: 3.923 Loading class sun/nio/ch/FileLockImpl
Event: 3.932 Loading class sun/nio/ch/FileLockImpl done
Event: 3.932 Loading class sun/nio/ch/NativeThread
Event: 3.942 Loading class sun/nio/ch/NativeThread done
Event: 3.942 Loading class sun/nio/ch/FileLockTable
Event: 3.952 Loading class sun/nio/ch/FileLockTable done
Event: 3.952 Loading class sun/nio/ch/FileKey
Event: 3.952 Loading class sun/nio/ch/FileKey done
Event: 3.952 Loading class sun/nio/ch/FileLockTable$FileLockReference
Event: 3.952 Loading class sun/nio/ch/FileLockTable$FileLockReference done

Classes unloaded (0 events):
No events

Classes redefined (0 events):
No events

Internal exceptions (0 events):
No events

VM Operations (6 events):
Event: 2.018 Executing VM operation: HandshakeAllThreads
Event: 2.018 Executing VM operation: HandshakeAllThreads done
Event: 2.018 Executing VM operation: Cleanup
Event: 2.018 Executing VM operation: Cleanup done
Event: 3.028 Executing VM operation: Cleanup
Event: 3.088 Executing VM operation: Cleanup done

Events (11 events):
Event: 0.506 Thread 0x000002b0a35298c0 Thread added: 0x000002b0a35298c0
Event: 1.253 Thread 0x000002b0a35ee720 Thread added: 0x000002b0a35ee720
Event: 1.254 Thread 0x000002b100525510 Thread added: 0x000002b100525510
Event: 1.255 Thread 0x000002b100526400 Thread added: 0x000002b100526400
Event: 1.255 Thread 0x000002b100529f50 Thread added: 0x000002b100529f50
Event: 1.255 Thread 0x000002b10052a980 Thread added: 0x000002b10052a980
Event: 1.255 Thread 0x000002b10052b3b0 Thread added: 0x000002b10052b3b0
Event: 1.255 Thread 0x000002b10052c110 Thread added: 0x000002b10052c110
Event: 1.256 Thread 0x000002b100531470 Thread added: 0x000002b100531470
Event: 1.313 Thread 0x000002b1005fd130 Thread added: 0x000002b1005fd130
Event: 1.317 Thread 0x000002b10480e0e0 Thread added: 0x000002b10480e0e0


Dynamic libraries:
0x00007ff6c48e0000 - 0x00007ff6c48f0000 	C:\Program Files\Java\jdk-20\bin\java.exe
0x00007fff53e30000 - 0x00007fff54028000 	C:\Windows\SYSTEM32\ntdll.dll
0x00007fff51e50000 - 0x00007fff51f12000 	C:\Windows\System32\KERNEL32.DLL
0x00007fff518a0000 - 0x00007fff51b9e000 	C:\Windows\System32\KERNELBASE.dll
0x00007fff51720000 - 0x00007fff51820000 	C:\Windows\System32\ucrtbase.dll
0x00007fff439b0000 - 0x00007fff439cb000 	C:\Program Files\Java\jdk-20\bin\VCRUNTIME140.dll
0x00007fff40140000 - 0x00007fff40159000 	C:\Program Files\Java\jdk-20\bin\jli.dll
0x00007fff52620000 - 0x00007fff526d2000 	C:\Windows\System32\ADVAPI32.dll
0x00007fff52200000 - 0x00007fff5229e000 	C:\Windows\System32\msvcrt.dll
0x00007fff53a60000 - 0x00007fff53b00000 	C:\Windows\System32\sechost.dll
0x00007fff53880000 - 0x00007fff539a3000 	C:\Windows\System32\RPCRT4.dll
0x00007fff51870000 - 0x00007fff51897000 	C:\Windows\System32\bcrypt.dll
0x00007fff526e0000 - 0x00007fff5287d000 	C:\Windows\System32\USER32.dll
0x00007fff3a7f0000 - 0x00007fff3aa8a000 	C:\Windows\WinSxS\amd64_microsoft.windows.common-controls_6595b64144ccf1df_6.0.19041.4355_none_60b8b9eb71f62e16\COMCTL32.dll
0x00007fff53380000 - 0x00007fff533ab000 	C:\Windows\System32\GDI32.dll
0x00007fff51ba0000 - 0x00007fff51bc2000 	C:\Windows\System32\win32u.dll
0x00007fff51600000 - 0x00007fff51717000 	C:\Windows\System32\gdi32full.dll
0x00007fff514d0000 - 0x00007fff5156d000 	C:\Windows\System32\msvcp_win.dll
0x00007fff49d80000 - 0x00007fff49d8a000 	C:\Windows\SYSTEM32\VERSION.dll
0x00007fff522a0000 - 0x00007fff522cf000 	C:\Windows\System32\IMM32.DLL
0x00007fff4bca0000 - 0x00007fff4bcac000 	C:\Program Files\Java\jdk-20\bin\vcruntime140_1.dll
0x00007fff11460000 - 0x00007fff114ee000 	C:\Program Files\Java\jdk-20\bin\msvcp140.dll
0x00007ffee7560000 - 0x00007ffee81f8000 	C:\Program Files\Java\jdk-20\bin\server\jvm.dll
0x00007fff4bc90000 - 0x00007fff4bc99000 	C:\Windows\SYSTEM32\WSOCK32.dll
0x00007fff53cc0000 - 0x00007fff53d2b000 	C:\Windows\System32\WS2_32.dll
0x00007fff41c60000 - 0x00007fff41c87000 	C:\Windows\SYSTEM32\WINMM.dll
0x00007fff4fcb0000 - 0x00007fff4fcc2000 	C:\Windows\SYSTEM32\kernel.appcore.dll
0x00007fff4b650000 - 0x00007fff4b65a000 	C:\Program Files\Java\jdk-20\bin\jimage.dll
0x00007fff4f1f0000 - 0x00007fff4f3d4000 	C:\Windows\SYSTEM32\DBGHELP.DLL
0x00007fff33fd0000 - 0x00007fff34004000 	C:\Windows\SYSTEM32\dbgcore.DLL
0x00007fff51570000 - 0x00007fff515f2000 	C:\Windows\System32\bcryptPrimitives.dll
0x00007fff40110000 - 0x00007fff40136000 	C:\Program Files\Java\jdk-20\bin\java.dll
0x00007fff11380000 - 0x00007fff11457000 	C:\Program Files\Java\jdk-20\bin\jsvml.dll
0x00007fff52c00000 - 0x00007fff5336f000 	C:\Windows\System32\SHELL32.dll
0x00007fff4f4f0000 - 0x00007fff4fc94000 	C:\Windows\SYSTEM32\windows.storage.dll
0x00007fff528a0000 - 0x00007fff52bf3000 	C:\Windows\System32\combase.dll
0x00007fff50e20000 - 0x00007fff50e4e000 	C:\Windows\SYSTEM32\Wldp.dll
0x00007fff522d0000 - 0x00007fff5239d000 	C:\Windows\System32\OLEAUT32.dll
0x00007fff53d30000 - 0x00007fff53ddd000 	C:\Windows\System32\SHCORE.dll
0x00007fff533b0000 - 0x00007fff53405000 	C:\Windows\System32\shlwapi.dll
0x00007fff51400000 - 0x00007fff51424000 	C:\Windows\SYSTEM32\profapi.dll
0x00007fff3b350000 - 0x00007fff3b363000 	C:\Program Files\Java\jdk-20\bin\net.dll
0x00007fff4b9a0000 - 0x00007fff4baad000 	C:\Windows\SYSTEM32\WINHTTP.dll
0x00007fff50c00000 - 0x00007fff50c6a000 	C:\Windows\system32\mswsock.dll
0x00007fff14e30000 - 0x00007fff14e46000 	C:\Program Files\Java\jdk-20\bin\nio.dll
0x00007fff14e10000 - 0x00007fff14e28000 	C:\Program Files\Java\jdk-20\bin\zip.dll
0x00007fff371e0000 - 0x00007fff371f0000 	C:\Program Files\Java\jdk-20\bin\verify.dll

dbghelp: loaded successfully - version: 4.0.5 - missing functions: none
symbol engine: initialized successfully - sym options: 0x614 - pdb path: .;C:\Program Files\Java\jdk-20\bin;C:\Windows\SYSTEM32;C:\Windows\WinSxS\amd64_microsoft.windows.common-controls_6595b64144ccf1df_6.0.19041.4355_none_60b8b9eb71f62e16;C:\Program Files\Java\jdk-20\bin\server

VM Arguments:
jvm_args: -Xmx64m -Xms64m -Dorg.gradle.appname=gradlew 
java_command: org.gradle.wrapper.GradleWrapperMain app:installDebug -PreactNativeDevServerPort=8081
java_class_path (initial): D:\Pharmacy_Android\android\\gradle\wrapper\gradle-wrapper.jar
Launcher Type: SUN_STANDARD

[Global flags]
     intx CICompilerCount                          = 4                                         {product} {ergonomic}
     uint ConcGCThreads                            = 2                                         {product} {ergonomic}
     uint G1ConcRefinementThreads                  = 8                                         {product} {ergonomic}
   size_t G1HeapRegionSize                         = 1048576                                   {product} {ergonomic}
    uintx GCDrainStackTargetSize                   = 64                                        {product} {ergonomic}
   size_t InitialHeapSize                          = 67108864                                  {product} {command line}
   size_t MarkStackSize                            = 4194304                                   {product} {ergonomic}
   size_t MaxHeapSize                              = 67108864                                  {product} {command line}
   size_t MaxNewSize                               = 39845888                                  {product} {ergonomic}
   size_t MinHeapDeltaBytes                        = 1048576                                   {product} {ergonomic}
   size_t MinHeapSize                              = 67108864                                  {product} {command line}
    uintx NonNMethodCodeHeapSize                   = 5839372                                {pd product} {ergonomic}
    uintx NonProfiledCodeHeapSize                  = 122909434                              {pd product} {ergonomic}
    uintx ProfiledCodeHeapSize                     = 122909434                              {pd product} {ergonomic}
    uintx ReservedCodeCacheSize                    = 251658240                              {pd product} {ergonomic}
     bool SegmentedCodeCache                       = true                                      {product} {ergonomic}
   size_t SoftMaxHeapSize                          = 67108864                               {manageable} {ergonomic}
     bool UseCompressedClassPointers               = true                           {product lp64_product} {ergonomic}
     bool UseCompressedOops                        = true                           {product lp64_product} {ergonomic}
     bool UseG1GC                                  = true                                      {product} {ergonomic}
     bool UseLargePagesIndividualAllocation        = false                                  {pd product} {ergonomic}

Logging:
Log output configuration:
 #0: stdout all=warning uptime,level,tags foldmultilines=false
 #1: stderr all=off uptime,level,tags foldmultilines=false

Environment Variables:
JAVA_HOME=C:\Program Files\Java\jdk-20
CLASSPATH=D:\Pharmacy_Android\android\\gradle\wrapper\gradle-wrapper.jar
PATH=D:\Pharmacy_Android\node_modules\.bin;D:\Pharmacy_Android\node_modules\.bin;D:\node_modules\.bin;C:\Program Files\nodejs\node_modules\npm\node_modules\@npmcli\run-script\lib\node-gyp-bin;D:\Pharmacy_Android\node_modules\.bin;D:\node_modules\.bin;C:\Program Files\nodejs\node_modules\npm\node_modules\@npmcli\run-script\lib\node-gyp-bin;C:\Users\ADMIN\AppData\Local\Flutter\bin\;c:\Users\ADMIN\AppData\Local\Programs\cursor\resources\app\bin;C:\Program Files\Common Files\Oracle\Java\javapath;C:\Windows\system32;C:\Windows;C:\Windows\System32\Wbem;C:\Windows\System32\WindowsPowerShell\v1.0\;C:\Windows\System32\OpenSSH\;C:\Program Files\dotnet\;C:\Program Files\Java\jdk-20\bin;C:\Program Files\apache-maven-3.9.6\bin;C:\Program Files\Git\cmd;C:\Program Files\TortoiseGit\bin;C:\Program Files\nodejs\;C:\Program Files (x86)\Microsoft SQL Server\160\DTS\Binn\;C:\Program Files (x86)\Microsoft SQL Server\160\Tools\Binn\;C:\Program Files\Microsoft SQL Server\160\Tools\Binn\;C:\Program Files\Microsoft SQL Server\Client SDK\ODBC\170\Tools\Binn\;C:\Program Files\Microsoft SQL Server\160\DTS\Binn\;C:\Program Files\Microsoft SQL Server\150\Tools\Binn\;C:\Users\ADMIN\AppData\Local\Programs\Python\Python312\Scripts\;C:\Users\ADMIN\AppData\Local\Programs\Python\Python312\;C:\Anaconda;C:\Anaconda\Library\mingw-w64\bin;C:\Anaconda\Library\usr\bin;C:\Anaconda\Library\bin;C:\Anaconda\Scripts;C:\Program Fil;C:\Program Files\Docker\Docker\resources\bin;C:\Users\ADMIN\AppData\Local\Programs\oh-my-posh\bin\;C:\Users\ADMIN\AppData\Local\Programs\Python\Python312\Scripts\;C:\Users\ADMIN\AppData\Local\Programs\Python\Python312\;C:\Anaconda;C:\Anaconda\Library\mingw-w64\bin;C:\Anaconda\Library\usr\bin;C:\Anaconda\Library\bin;C:\Anaconda\Scripts;C:\Program Files\MySQL\MySQL Shell 8.0\bin\;C:\Users\ADMIN\AppData\Local\Microsoft\WindowsApps;C:\Program Files\JetBrains\IntelliJ IDEA 2024.1.1\bin;;C:\Tool\Microsoft VS Code\bin;C:\Users\ADMIN\AppData\Roaming\npm;C:\Program Files\JetBrains\PyCharm Community Edition 2024.2\bin;;C:\Users\ADMIN\.dotnet\tools;C:\Users\ADMIN\AppData\Local\Programs\cursor\resources\app\bin;C:\Users\ADMIN\AppData\Local\Flutter\bin;
USERNAME=ADMIN
LANG=en_US.UTF-8
OS=Windows_NT
PROCESSOR_IDENTIFIER=Intel64 Family 6 Model 140 Stepping 1, GenuineIntel
TMP=C:\Users\ADMIN\AppData\Local\Temp
TEMP=C:\Users\ADMIN\AppData\Local\Temp




---------------  S Y S T E M  ---------------

OS:
 Windows 10 , 64 bit Build 19041 (10.0.19041.4957)
OS uptime: 0 days 7:15 hours
Hyper-V role detected

CPU: total 8 (initial active 8) (4 cores per cpu, 2 threads per core) family 6 model 140 stepping 1 microcode 0xb8, cx8, cmov, fxsr, ht, mmx, 3dnowpref, sse, sse2, sse3, ssse3, sse4.1, sse4.2, popcnt, lzcnt, tsc, tscinvbit, avx, avx2, aes, erms, clmul, bmi1, bmi2, adx, avx512f, avx512dq, avx512cd, avx512bw, avx512vl, sha, fma, vzeroupper, avx512_vpopcntdq, avx512_vpclmulqdq, avx512_vaes, avx512_vnni, clflush, clflushopt, clwb, avx512_vbmi2, avx512_vbmi, hv, rdtscp, rdpid, fsrm, gfni, avx512_bitalg, f16c, cet_ibt, cet_ss, avx512_ifma

Memory: 4k page, system-wide physical 7926M (25M free)
TotalPageFile size 32053M (AvailPageFile size 1M)
current process WorkingSet (physical memory assigned to process): 40M, peak: 40M
current process commit charge ("private bytes"): 145M, peak: 145M

vm_info: Java HotSpot(TM) 64-Bit Server VM (20.0.2+9-78) for windows-amd64 JRE (20.0.2+9-78), built on 2023-06-14T10:08:48Z by "mach5one" with MS VC++ 17.1 (VS2022)

END.
